This is pdfTeX, Version 3.1415926-2.3-1.40.12 (MiKTeX 2.9) (preloaded format=pdflatex 2011.11.27)  30 JUL 2015 15:20
entering extended mode
**PhD_Thesis_RBC.tex
(C:\Users\RCanelas\Dropbox\IST\dout\Thesis\PhD_Thesis_RBC.tex
LaTeX2e <2011/06/27>
Babel <v3.8m> and hyphenation patterns for english, afrikaans, ancientgreek, ar
abic, armenian, assamese, basque, bengali, bokmal, bulgarian, catalan, coptic, 
croatian, czech, danish, dutch, esperanto, estonian, farsi, finnish, french, ga
lician, german, german-x-2009-06-19, greek, gujarati, hindi, hungarian, iceland
ic, indonesian, interlingua, irish, italian, kannada, kurmanji, lao, latin, lat
vian, lithuanian, malayalam, marathi, mongolian, mongolianlmc, monogreek, ngerm
an, ngerman-x-2009-06-19, nynorsk, oriya, panjabi, pinyin, polish, portuguese, 
romanian, russian, sanskrit, serbian, slovak, slovenian, spanish, swedish, swis
sgerman, tamil, telugu, turkish, turkmen, ukenglish, ukrainian, uppersorbian, u
senglishmax, welsh, loaded.
(C:\Users\RCanelas\Dropbox\IST\dout\Thesis\01.thesis.cls
Document Class: 01.thesis 2011/08/23

--------------------------------------------------------------
 +---+ Thesis Style (thesis.cls) 
 +---+ Version 1.0, January 2006 
 +---+ Version 1.1, July 2007 
 +---+ Version 2.0, July 2007 (new IST stylesheet) 
 +---+ for Instituto Superior Tecnico (IST), 
 +---+ Universidade Ténica de Lisboa 
 * Modified from 'report.cls' 
 * Created to write Dissertations 
 * Conforms with IST Master Degree format 
 * Should conform with IST PhD Degree format (not verified) 
 
 AUTHOR: Pedro Tomás 
--------------------------------------------------------------

("C:\Program Files (x86)\MiKTeX 2.9\tex\latex\base\report.cls"
Document Class: report 2007/10/19 v1.4h Standard LaTeX document class
("C:\Program Files (x86)\MiKTeX 2.9\tex\latex\base\size10.clo"
File: size10.clo 2007/10/19 v1.4h Standard LaTeX file (size option)
)
\c@part=\count79
\c@chapter=\count80
\c@section=\count81
\c@subsection=\count82
\c@subsubsection=\count83
\c@paragraph=\count84
\c@subparagraph=\count85
\c@figure=\count86
\c@table=\count87
\abovecaptionskip=\skip41
\belowcaptionskip=\skip42
\bibindent=\dimen102
)
("C:\Program Files (x86)\MiKTeX 2.9\tex\latex\tools\indentfirst.sty"
Package: indentfirst 1995/11/23 v1.03 Indent first paragraph (DPC)
)
("C:\Program Files (x86)\MiKTeX 2.9\tex\latex\base\ifthen.sty"
Package: ifthen 2001/05/26 v1.1c Standard LaTeX ifthen package (DPC)
)
(C:\Users\RCanelas\AppData\Roaming\MiKTeX\2.9\tex\latex\ulem\ulem.sty
\UL@box=\box26
\UL@hyphenbox=\box27
\UL@skip=\skip43
\UL@hook=\toks14
\UL@height=\dimen103
\UL@pe=\count88
\UL@pixel=\dimen104
\ULC@box=\box28
Package: ulem 2012/05/18
\ULdepth=\dimen105
)
("C:\Program Files (x86)\MiKTeX 2.9\tex\latex\graphics\graphicx.sty"
Package: graphicx 1999/02/16 v1.0f Enhanced LaTeX Graphics (DPC,SPQR)

("C:\Program Files (x86)\MiKTeX 2.9\tex\latex\graphics\keyval.sty"
Package: keyval 1999/03/16 v1.13 key=value parser (DPC)
\KV@toks@=\toks15
)
("C:\Program Files (x86)\MiKTeX 2.9\tex\latex\graphics\graphics.sty"
Package: graphics 2009/02/05 v1.0o Standard LaTeX Graphics (DPC,SPQR)

("C:\Program Files (x86)\MiKTeX 2.9\tex\latex\graphics\trig.sty"
Package: trig 1999/03/16 v1.09 sin cos tan (DPC)
)
("C:\Program Files (x86)\MiKTeX 2.9\tex\latex\00miktex\graphics.cfg"
File: graphics.cfg 2007/01/18 v1.5 graphics configuration of teTeX/TeXLive
)
Package graphics Info: Driver file: pdftex.def on input line 91.

("C:\Program Files (x86)\MiKTeX 2.9\tex\latex\pdftex-def\pdftex.def"
File: pdftex.def 2011/05/27 v0.06d Graphics/color for pdfTeX

("C:\Program Files (x86)\MiKTeX 2.9\tex\generic\oberdiek\infwarerr.sty"
Package: infwarerr 2010/04/08 v1.3 Providing info/warning/message (HO)
)
("C:\Program Files (x86)\MiKTeX 2.9\tex\generic\oberdiek\ltxcmds.sty"
Package: ltxcmds 2011/04/18 v1.20 LaTeX kernel commands for general use (HO)
)
\Gread@gobject=\count89
))
\Gin@req@height=\dimen106
\Gin@req@width=\dimen107
)
(C:\Users\RCanelas\AppData\Roaming\MiKTeX\2.9\tex\latex\epsf\epsf.sty
This is `epsf.tex' v2.7.4 <14 February 2011>
\epsffilein=\read1
\epsfframemargin=\dimen108
\epsfframethickness=\dimen109
\epsfrsize=\dimen110
\epsftmp=\dimen111
\epsftsize=\dimen112
\epsfxsize=\dimen113
\epsfysize=\dimen114
\pspoints=\dimen115
) (C:\Users\RCanelas\Dropbox\IST\dout\Thesis\00.textpos.sty
Package: 00.textpos 2007/03/30 v1.7d

Package: `textpos' 1.7d <2007 March 30>
(C:\Users\RCanelas\AppData\Roaming\MiKTeX\2.9\tex\latex\ms\everyshi.sty
Package: everyshi 2001/05/15 v3.00 EveryShipout Package (MS)
)
\TP@textbox=\box29
\TP@holdbox=\box30
\TPHorizModule=\dimen116
\TPVertModule=\dimen117
\TP@margin=\dimen118
\TP@absmargin=\dimen119

Grid set 16 x 16 = 37.34424pt x 52.81541pt
\TPboxrulesize=\dimen120
\TP@ox=\dimen121
\TP@oy=\dimen122
\TP@tbargs=\toks16
\TP@prevdepth=\dimen123
TextBlockOrigin set to 0pt x 0pt
) ("C:\Program Files (x86)\MiKTeX 2.9\tex\latex\psnfss\helvet.sty"
Package: helvet 2005/04/12 PSNFSS-v9.2a (WaS) 
)
("C:\Program Files (x86)\MiKTeX 2.9\tex\latex\ams\math\amsmath.sty"
Package: amsmath 2000/07/18 v2.13 AMS math features
\@mathmargin=\skip44

For additional information on amsmath, use the `?' option.
("C:\Program Files (x86)\MiKTeX 2.9\tex\latex\ams\math\amstext.sty"
Package: amstext 2000/06/29 v2.01

("C:\Program Files (x86)\MiKTeX 2.9\tex\latex\ams\math\amsgen.sty"
File: amsgen.sty 1999/11/30 v2.0
\@emptytoks=\toks17
\ex@=\dimen124
))
("C:\Program Files (x86)\MiKTeX 2.9\tex\latex\ams\math\amsbsy.sty"
Package: amsbsy 1999/11/29 v1.2d
\pmbraise@=\dimen125
)
("C:\Program Files (x86)\MiKTeX 2.9\tex\latex\ams\math\amsopn.sty"
Package: amsopn 1999/12/14 v2.01 operator names
)
\inf@bad=\count90
LaTeX Info: Redefining \frac on input line 211.
\uproot@=\count91
\leftroot@=\count92
LaTeX Info: Redefining \overline on input line 307.
\classnum@=\count93
\DOTSCASE@=\count94
LaTeX Info: Redefining \ldots on input line 379.
LaTeX Info: Redefining \dots on input line 382.
LaTeX Info: Redefining \cdots on input line 467.
\Mathstrutbox@=\box31
\strutbox@=\box32
\big@size=\dimen126
LaTeX Font Info:    Redeclaring font encoding OML on input line 567.
LaTeX Font Info:    Redeclaring font encoding OMS on input line 568.
\macc@depth=\count95
\c@MaxMatrixCols=\count96
\dotsspace@=\muskip10
\c@parentequation=\count97
\dspbrk@lvl=\count98
\tag@help=\toks18
\row@=\count99
\column@=\count100
\maxfields@=\count101
\andhelp@=\toks19
\eqnshift@=\dimen127
\alignsep@=\dimen128
\tagshift@=\dimen129
\tagwidth@=\dimen130
\totwidth@=\dimen131
\lineht@=\dimen132
\@envbody=\toks20
\multlinegap=\skip45
\multlinetaggap=\skip46
\mathdisplay@stack=\toks21
LaTeX Info: Redefining \[ on input line 2666.
LaTeX Info: Redefining \] on input line 2667.
)
("C:\Program Files (x86)\MiKTeX 2.9\tex\latex\ams\classes\amsthm.sty"
Package: amsthm 2004/08/06 v2.20
\thm@style=\toks22
\thm@bodyfont=\toks23
\thm@headfont=\toks24
\thm@notefont=\toks25
\thm@headpunct=\toks26
\thm@preskip=\skip47
\thm@postskip=\skip48
\thm@headsep=\skip49
\dth@everypar=\toks27
)
("C:\Program Files (x86)\MiKTeX 2.9\tex\latex\amsfonts\amssymb.sty"
Package: amssymb 2009/06/22 v3.00

("C:\Program Files (x86)\MiKTeX 2.9\tex\latex\amsfonts\amsfonts.sty"
Package: amsfonts 2009/06/22 v3.00 Basic AMSFonts support
\symAMSa=\mathgroup4
\symAMSb=\mathgroup5
LaTeX Font Info:    Overwriting math alphabet `\mathfrak' in version `bold'
(Font)                  U/euf/m/n --> U/euf/b/n on input line 96.
)))
(C:\Users\RCanelas\Dropbox\IST\dout\Thesis\00.Definitions/packages.tex

--------------------------------------------------------------
 +---+ Thesis Template 
 +---+ Version 2.0, August 2011 
 +---+ for Instituto Superior Tecnico (IST), 
 +---+ Universidade Técnica de Lisboa 
 * Using Thesis Style form Pedro Tomás 
 * Created to write Dissertations 
 * Conforms with IST Master Degree format and with most important packages setu
p 
 * Should conform with IST PhD Degree format (not verified) 
 
 AUTHOR: Miguel Amador and João Marques 
 
Important: Use all files in the archive, since this is based in all them. Modif
y dummy files at wish. 
--------------------------------------------------------------

("C:\Program Files (x86)\MiKTeX 2.9\tex\generic\babel\babel.sty"
Package: babel 2008/07/08 v3.8m The Babel package

*************************************
* Local config file bblopts.cfg used
*
("C:\Program Files (x86)\MiKTeX 2.9\tex\latex\00miktex\bblopts.cfg"
File: bblopts.cfg 2006/07/31 v1.0 MiKTeX 'babel' configuration
)
("C:\Program Files (x86)\MiKTeX 2.9\tex\generic\babel\english.ldf"
Language: english 2005/03/30 v3.3o English support from the babel system

("C:\Program Files (x86)\MiKTeX 2.9\tex\generic\babel\babel.def"
File: babel.def 2008/07/08 v3.8m Babel common definitions
\babel@savecnt=\count102
\U@D=\dimen133
)
\l@canadian = a dialect from \language\l@american 
\l@australian = a dialect from \language\l@british 
\l@newzealand = a dialect from \language\l@british 
))
("C:\Program Files (x86)\MiKTeX 2.9\tex\latex\base\inputenc.sty"
Package: inputenc 2008/03/30 v1.1d Input encoding file
\inpenc@prehook=\toks28
\inpenc@posthook=\toks29

("C:\Program Files (x86)\MiKTeX 2.9\tex\latex\base\latin1.def"
File: latin1.def 2008/03/30 v1.1d Input encoding file
))
(C:\Users\RCanelas\AppData\Roaming\MiKTeX\2.9\tex\latex\datetime\datetime.sty
Package: datetime 2013/09/10 v2.59 Date Time Package

(C:\Users\RCanelas\AppData\Roaming\MiKTeX\2.9\tex\latex\etoolbox\etoolbox.sty
Package: etoolbox 2011/01/03 v2.1 e-TeX tools for LaTeX

("C:\Program Files (x86)\MiKTeX 2.9\tex\latex\misc\etex.sty"
Package: etex 1998/03/26 v2.0 eTeX basic definition package (PEB)
\et@xins=\count103
)
\etb@tempcnta=\count104
)
(C:\Users\RCanelas\AppData\Roaming\MiKTeX\2.9\tex\latex\fmtcount\fmtcount.sty
Package: fmtcount 2013/08/17 v2.03

(C:\Users\RCanelas\AppData\Roaming\MiKTeX\2.9\tex\latex\fmtcount\fcprefix.sty
Package: fcprefix 2012/09/28

(C:\Users\RCanelas\AppData\Roaming\MiKTeX\2.9\tex\latex\fmtcount\fcnumparser.st
y
Package: fcnumparser 2012/09/28
\fc@digit@counter=\count105
))
\c@padzeroesN=\count106
\fc@tmpcatcode=\count107

(C:\Users\RCanelas\AppData\Roaming\MiKTeX\2.9\tex\latex\fmtcount\fc-english.def
File: fc-english.def 2013/08/17
)
\@DT@modctr=\count108
\@ordinalctr=\count109
\@orgargctr=\count110
\@strctr=\count111
\@tmpstrctr=\count112
\@DT@loopN=\count113
\@DT@X=\count114
)
(C:\Users\RCanelas\AppData\Roaming\MiKTeX\2.9\tex\latex\datetime\datetime-defau
lts.sty
Package: datetime-defaults 2013/09/10
)
\@day=\count115
\@month=\count116
\@year=\count117
\c@HOUR=\count118
\c@HOURXII=\count119
\c@MINUTE=\count120
\c@TOHOUR=\count121
\c@TOMINUTE=\count122
\c@SECOND=\count123
\currenthour=\count124
\currentminute=\count125
\currentsecond=\count126
Package datetime Info: No datetime.cfg file found, using default settings on in
put line 308.
\@dtctr=\count127
\dayofyear=\count128
\dayofweek=\count129
LaTeX Info: Redefining \today on input line 736.
\dt@a=\toks30
\dt@b=\toks31
) ("C:\Program Files (x86)\MiKTeX 2.9\tex\latex\base\latexsym.sty"
Package: latexsym 1998/08/17 v2.2e Standard LaTeX package (lasy symbols)
\symlasy=\mathgroup6
LaTeX Font Info:    Overwriting symbol font `lasy' in version `bold'
(Font)                  U/lasy/m/n --> U/lasy/b/n on input line 47.
)
("C:\Program Files (x86)\MiKTeX 2.9\tex\latex\multirow\multirow.sty"
\bigstrutjot=\dimen134
)
(C:\Users\RCanelas\AppData\Roaming\MiKTeX\2.9\tex\latex\colortbl\colortbl.sty
Package: colortbl 2001/02/13 v0.1j Color table columns (DPC)

("C:\Program Files (x86)\MiKTeX 2.9\tex\latex\tools\array.sty"
Package: array 2008/09/09 v2.4c Tabular extension package (FMi)
\col@sep=\dimen135
\extrarowheight=\dimen136
\NC@list=\toks32
\extratabsurround=\skip50
\backup@length=\skip51
)
("C:\Program Files (x86)\MiKTeX 2.9\tex\latex\graphics\color.sty"
Package: color 2005/11/14 v1.0j Standard LaTeX Color (DPC)
LaTeX Info: Redefining \color on input line 76.

("C:\Program Files (x86)\MiKTeX 2.9\tex\latex\00miktex\color.cfg"
File: color.cfg 2007/01/18 v1.5 color configuration of teTeX/TeXLive
)
Package color Info: Driver file: pdftex.def on input line 130.
)
\everycr=\toks33
\minrowclearance=\skip52
)
(C:\Users\RCanelas\AppData\Roaming\MiKTeX\2.9\tex\latex\supertabular\supertabul
ar.sty
Package: supertabular 2004/02/20 v4.1e the supertabular environment
\c@tracingst=\count130
\ST@wd=\dimen137
\ST@rightskip=\skip53
\ST@leftskip=\skip54
\ST@parfillskip=\skip55
\ST@pageleft=\dimen138
\ST@headht=\dimen139
\ST@tailht=\dimen140
\ST@pagesofar=\dimen141
\ST@pboxht=\dimen142
\ST@lineht=\dimen143
\ST@stretchht=\dimen144
\ST@prevht=\dimen145
\ST@toadd=\dimen146
\ST@dimen=\dimen147
\ST@pbox=\box33
) ("C:\Program Files (x86)\MiKTeX 2.9\tex\latex\oberdiek\pdflscape.sty"
Package: pdflscape 2008/08/11 v0.10 Landscape pages in PDF (HO)

("C:\Program Files (x86)\MiKTeX 2.9\tex\latex\graphics\lscape.sty"
Package: lscape 2000/10/22 v3.01 Landscape Pages (DPC)
)
("C:\Program Files (x86)\MiKTeX 2.9\tex\generic\oberdiek\ifpdf.sty"
Package: ifpdf 2011/01/30 v2.3 Provides the ifpdf switch (HO)
Package ifpdf Info: pdfTeX in PDF mode is detected.
)
Package pdflscape Info: Auto-detected driver: pdftex on input line 80.

("C:\Program Files (x86)\MiKTeX 2.9\tex\generic\ifxetex\ifxetex.sty"
Package: ifxetex 2010/09/12 v0.6 Provides ifxetex conditional
))
("C:\Program Files (x86)\MiKTeX 2.9\tex\latex\tools\longtable.sty"
Package: longtable 2004/02/01 v4.11 Multi-page Table package (DPC)
\LTleft=\skip56
\LTright=\skip57
\LTpre=\skip58
\LTpost=\skip59
\LTchunksize=\count131
\LTcapwidth=\dimen148
\LT@head=\box34
\LT@firsthead=\box35
\LT@foot=\box36
\LT@lastfoot=\box37
\LT@cols=\count132
\LT@rows=\count133
\c@LT@tables=\count134
\c@LT@chunks=\count135
\LT@p@ftn=\toks34
)
("C:\Program Files (x86)\MiKTeX 2.9\tex\latex\graphics\epsfig.sty"
Package: epsfig 1999/02/16 v1.7a (e)psfig emulation (SPQR)
\epsfxsize=\dimen149
\epsfysize=\dimen150
)
(C:\Users\RCanelas\AppData\Roaming\MiKTeX\2.9\tex\latex\subfigure\subfigure.sty
Package: subfigure 2002/07/30 v2.1.4 subfigure package
\subfigtopskip=\skip60
\subfigcapskip=\skip61
\subfigcaptopadj=\dimen151
\subfigbottomskip=\skip62
\subfigcapmargin=\dimen152
\subfiglabelskip=\skip63
\c@subfigure=\count136
\c@lofdepth=\count137
\c@subtable=\count138
\c@lotdepth=\count139
****************************************
* Local config file subfigure.cfg used *
****************************************

(C:\Users\RCanelas\AppData\Roaming\MiKTeX\2.9\tex\latex\subfigure\subfigure.cfg
)
\subfig@top=\skip64
\subfig@bottom=\skip65
) ("C:\Program Files (x86)\MiKTeX 2.9\tex\latex\tools\dcolumn.sty"
Package: dcolumn 2001/05/28 v1.06 decimal alignment package (DPC)
)
("C:\Program Files (x86)\MiKTeX 2.9\tex\latex\tools\bm.sty"
Package: bm 2004/02/26 v1.1c Bold Symbol Support (DPC/FMi)
\symboldoperators=\mathgroup7
\symboldletters=\mathgroup8
\symboldsymbols=\mathgroup9
\symboldlasy=\mathgroup10
LaTeX Font Info:    Redeclaring math alphabet \mathbf on input line 138.
LaTeX Info: Redefining \bm on input line 204.
)
(C:\Users\RCanelas\AppData\Roaming\MiKTeX\2.9\tex\latex\booktabs\booktabs.sty
Package: booktabs 2005/04/14 v1.61803 publication quality tables
\heavyrulewidth=\dimen153
\lightrulewidth=\dimen154
\cmidrulewidth=\dimen155
\belowrulesep=\dimen156
\belowbottomsep=\dimen157
\aboverulesep=\dimen158
\abovetopsep=\dimen159
\cmidrulesep=\dimen160
\cmidrulekern=\dimen161
\defaultaddspace=\dimen162
\@cmidla=\count140
\@cmidlb=\count141
\@aboverulesep=\dimen163
\@belowrulesep=\dimen164
\@thisruleclass=\count142
\@lastruleclass=\count143
\@thisrulewidth=\dimen165
)
(C:\Users\RCanelas\AppData\Roaming\MiKTeX\2.9\tex\latex\rotating\rotating.sty
Package: rotating 2009/03/28 v2.16a rotated objects in LaTeX
\c@r@tfl@t=\count144
\rotFPtop=\skip66
\rotFPbot=\skip67
\rot@float@box=\box38
\rot@mess@toks=\toks35
)
(C:\Users\RCanelas\AppData\Roaming\MiKTeX\2.9\tex\latex\caption\caption.sty
Package: caption 2011/11/10 v3.2e Customizing captions (AR)

(C:\Users\RCanelas\AppData\Roaming\MiKTeX\2.9\tex\latex\caption\caption3.sty
Package: caption3 2011/11/01 v1.4a caption3 kernel (AR)
\captionmargin=\dimen166
\captionmargin@=\dimen167
\captionwidth=\dimen168
\caption@indent=\dimen169
\caption@parindent=\dimen170
\caption@hangindent=\dimen171
)
\c@ContinuedFloat=\count145
Package caption Info: longtable package is loaded.

(C:\Users\RCanelas\AppData\Roaming\MiKTeX\2.9\tex\latex\caption\ltcaption.sty
Package: ltcaption 2011/09/12 v1.3 longtable captions (AR)
)
Package caption Info: rotating package is loaded.
Package caption Info: subfigure package is loaded.
Package caption Info: supertabular package is loaded.
) (C:\Users\RCanelas\AppData\Roaming\MiKTeX\2.9\tex\latex\natbib\natbib.sty
Package: natbib 2010/09/13 8.31b (PWD, AO)
\bibhang=\skip68
\bibsep=\skip69
LaTeX Info: Redefining \cite on input line 694.
\c@NAT@ctr=\count146
)
(C:\Users\RCanelas\AppData\Roaming\MiKTeX\2.9\tex\latex\natbib\bibentry.sty
Package: bibentry 2007/10/30 1.5 (PWD)
)
(C:\Users\RCanelas\AppData\Roaming\MiKTeX\2.9\tex\latex\acronym\acronym.sty
Package: acronym 2012/10/29 v1.38 Support for acronyms (Tobias Oetiker)

(C:\Users\RCanelas\AppData\Roaming\MiKTeX\2.9\tex\latex\bigfoot\suffix.sty
Package: suffix 2006/07/15 1.5 Variant command support
)
(C:\Users\RCanelas\AppData\Roaming\MiKTeX\2.9\tex\latex\xstring\xstring.sty
(C:\Users\RCanelas\AppData\Roaming\MiKTeX\2.9\tex\generic\xstring\xstring.tex
\@xs@message=\write3
\integerpart=\count147
\decimalpart=\count148
)
Package: xstring 2013/10/13  v1.7c  String manipulations (C Tellechea)
)
\AC@clearlist=\toks36
) (C:\Users\RCanelas\AppData\Roaming\MiKTeX\2.9\tex\latex\appendix\appendix.sty
Package: appendix 2009/09/02 v1.2b extra appendix facilities
\c@@pps=\count149
\c@@ppsavesec=\count150
\c@@ppsaveapp=\count151
) (C:\Users\RCanelas\AppData\Roaming\MiKTeX\2.9\tex\latex\chappg\chappg.sty
Package: chappg 2006/05/09 v2.1b page numbering by chapter number pages by chap
ter (or other unit)
)
(C:\Users\RCanelas\Dropbox\IST\dout\Thesis\00.extra_functions.sty
Package: 00.extra_functions 

(C:\Users\RCanelas\AppData\Roaming\MiKTeX\2.9\tex\latex\minitoc\minitoc.sty
Package: minitoc 2008/07/16 v60 Package minitoc (JPFD)

(C:\Users\RCanelas\AppData\Roaming\MiKTeX\2.9\tex\latex\minitoc\mtcmess.sty
Package: mtcmess 2006/03/14
)
Package minitoc Info: I0001
(minitoc)             *** minitoc package, version 60 ***.
\tf@mtc=\write4
\mtcindent=\skip70
\mtcskipamount=\skip71
Package minitoc Info: I0005
(minitoc)             compatible with hyperref.
Package minitoc Info: I0023
(minitoc)             part level macros available.
Package minitoc Info: I0003
(minitoc)             chapter level macros available.
\mtc@toks=\toks37
\mtc@strutbox=\box39
\mtc@hstrutbox=\box40
Package minitoc Info: I0002
(minitoc)             Autoconfiguration of extensions.

(C:\Users\RCanelas\Dropbox\IST\dout\Thesis\PhD_Thesis_RBC.mtc0)
Package minitoc Info: I0012
(minitoc)             Long extensions (Unix-like) will be used.
Package minitoc Info: I0031
(minitoc)             ==> this version is configured for UNIX-like 
(minitoc)                 (long extensions) file names.
\c@mtc=\count152
\c@minitocdepth=\count153
\c@ptc=\count154
\c@parttocdepth=\count155
\ptcindent=\skip72
Package minitoc Info: I0010
(minitoc)             The english language is selected.
(minitoc)              on input line 4910.

(C:\Users\RCanelas\AppData\Roaming\MiKTeX\2.9\tex\latex\minitoc\english.mld
File: english.mld 2006/01/13
)
(C:\Users\RCanelas\AppData\Roaming\MiKTeX\2.9\tex\latex\minitoc\english.mld
File: english.mld 2006/01/13
))
(C:\Users\RCanelas\AppData\Roaming\MiKTeX\2.9\tex\latex\bbm\bbm.sty
Package: bbm 1999/03/15 V 1.2 provides fonts for set symbols - TH
LaTeX Font Info:    Overwriting math alphabet `\mathbbm' in version `bold'
(Font)                  U/bbm/m/n --> U/bbm/bx/n on input line 33.
LaTeX Font Info:    Overwriting math alphabet `\mathbbmss' in version `bold'
(Font)                  U/bbmss/m/n --> U/bbmss/bx/n on input line 35.
)
("C:\Program Files (x86)\MiKTeX 2.9\tex\latex\tools\verbatim.sty"
Package: verbatim 2003/08/22 v1.5q LaTeX2e package for verbatim enhancements
\every@verbatim=\toks38
\verbatim@line=\toks39
\verbatim@in@stream=\read2
))
("C:\Program Files (x86)\MiKTeX 2.9\tex\latex\hyperref\hyperref.sty"
Package: hyperref 2011/08/19 v6.82h Hypertext links for LaTeX

("C:\Program Files (x86)\MiKTeX 2.9\tex\generic\oberdiek\hobsub-hyperref.sty"
Package: hobsub-hyperref 2011/04/23 v1.4 Bundle oberdiek, subset hyperref (HO)

("C:\Program Files (x86)\MiKTeX 2.9\tex\generic\oberdiek\hobsub-generic.sty"
Package: hobsub-generic 2011/04/23 v1.4 Bundle oberdiek, subset generic (HO)
Package: hobsub 2011/04/23 v1.4 Subsetting bundle oberdiek (HO)
Package hobsub Info: Skipping package `infwarerr' (already loaded).
Package hobsub Info: Skipping package `ltxcmds' (already loaded).
Package: ifluatex 2010/03/01 v1.3 Provides the ifluatex switch (HO)
Package ifluatex Info: LuaTeX not detected.
Package: ifvtex 2010/03/01 v1.5 Switches for detecting VTeX and its modes (HO)
Package ifvtex Info: VTeX not detected.
Package: intcalc 2007/09/27 v1.1 Expandable integer calculations (HO)
Package hobsub Info: Skipping package `ifpdf' (already loaded).
Package: etexcmds 2011/02/16 v1.5 Prefix for e-TeX command names (HO)
Package etexcmds Info: Could not find \expanded.
(etexcmds)             That can mean that you are not using pdfTeX 1.50 or
(etexcmds)             that some package has redefined \expanded.
(etexcmds)             In the latter case, load this package earlier.
Package: kvsetkeys 2011/04/07 v1.13 Key value parser (HO)
Package: kvdefinekeys 2011/04/07 v1.3 Defining keys (HO)
Package: pdftexcmds 2011/04/22 v0.16 Utilities of pdfTeX for LuaTeX (HO)
Package pdftexcmds Info: LuaTeX not detected.
Package pdftexcmds Info: \pdf@primitive is available.
Package pdftexcmds Info: \pdf@ifprimitive is available.
Package pdftexcmds Info: \pdfdraftmode found.
Package: pdfescape 2011/04/04 v1.12 Provides string conversions (HO)
Package: bigintcalc 2011/01/30 v1.2 Expandable big integer calculations (HO)
Package: bitset 2011/01/30 v1.1 Data type bit set (HO)
Package: uniquecounter 2011/01/30 v1.2 Provides unlimited unique counter (HO)
)
Package hobsub Info: Skipping package `hobsub' (already loaded).
Package: letltxmacro 2010/09/02 v1.4 Let assignment for LaTeX macros (HO)
Package: hopatch 2011/01/30 v1.0 Wrapper for package hooks (HO)
Package: xcolor-patch 2011/01/30 xcolor patch
Package: atveryend 2011/04/23 v1.7 Hooks at very end of document (HO)
Package: atbegshi 2011/01/30 v1.15 At begin shipout hook (HO)
Package: refcount 2010/12/01 v3.2 Data extraction from references (HO)
Package: hycolor 2011/01/30 v1.7 Color options of hyperref/bookmark (HO)
)
("C:\Program Files (x86)\MiKTeX 2.9\tex\latex\oberdiek\kvoptions.sty"
Package: kvoptions 2010/12/23 v3.10 Keyval support for LaTeX options (HO)
)
\@linkdim=\dimen172
\Hy@linkcounter=\count156
\Hy@pagecounter=\count157

("C:\Program Files (x86)\MiKTeX 2.9\tex\latex\hyperref\pd1enc.def"
File: pd1enc.def 2011/08/19 v6.82h Hyperref: PDFDocEncoding definition (HO)
)
\Hy@SavedSpaceFactor=\count158

("C:\Program Files (x86)\MiKTeX 2.9\tex\latex\00miktex\hyperref.cfg"
File: hyperref.cfg 2002/06/06 v1.2 hyperref configuration of TeXLive
)
Package hyperref Info: Option `plainpages' set `false' on input line 3932.
Package hyperref Info: Hyper figures OFF on input line 4053.
Package hyperref Info: Link nesting OFF on input line 4058.
Package hyperref Info: Hyper index ON on input line 4061.
Package hyperref Info: Plain pages OFF on input line 4068.
Package hyperref Info: Backreferencing OFF on input line 4073.
Package hyperref Info: Implicit mode ON; LaTeX internals redefined.
Package hyperref Info: Bookmarks ON on input line 4291.
\c@Hy@tempcnt=\count159

("C:\Program Files (x86)\MiKTeX 2.9\tex\latex\ltxmisc\url.sty"
\Urlmuskip=\muskip11
Package: url 2006/04/12  ver 3.3  Verb mode for urls, etc.
)
LaTeX Info: Redefining \url on input line 4644.
\Fld@menulength=\count160
\Field@Width=\dimen173
\Fld@charsize=\dimen174
Package hyperref Info: Hyper figures OFF on input line 5730.
Package hyperref Info: Link nesting OFF on input line 5735.
Package hyperref Info: Hyper index ON on input line 5738.
Package hyperref Info: backreferencing OFF on input line 5745.
Package hyperref Info: Link coloring OFF on input line 5750.
Package hyperref Info: Link coloring with OCG OFF on input line 5755.
Package hyperref Info: PDF/A mode OFF on input line 5760.
LaTeX Info: Redefining \ref on input line 5800.
LaTeX Info: Redefining \pageref on input line 5804.
\Hy@abspage=\count161
\c@Item=\count162
\c@Hfootnote=\count163
)

Package hyperref Message: Driver (autodetected): hpdftex.

("C:\Program Files (x86)\MiKTeX 2.9\tex\latex\hyperref\hpdftex.def"
File: hpdftex.def 2011/08/19 v6.82h Hyperref driver for pdfTeX
\Fld@listcount=\count164
\c@bookmark@seq@number=\count165

("C:\Program Files (x86)\MiKTeX 2.9\tex\latex\oberdiek\rerunfilecheck.sty"
Package: rerunfilecheck 2011/04/15 v1.7 Rerun checks for auxiliary files (HO)
Package uniquecounter Info: New unique counter `rerunfilecheck' on input line 2
82.
)
\Hy@SectionHShift=\skip73
)
Package hyperref Info: Option `colorlinks' set `false' on input line 143.
Package hyperref Info: Option `breaklinks' set `true' on input line 143.
Package hyperref Info: Option `bookmarksnumbered' set `true' on input line 143.

Package hyperref Info: Option `bookmarksopen' set `true' on input line 143.

("C:\Program Files (x86)\MiKTeX 2.9\tex\latex\float\float.sty"
Package: float 2001/11/08 v1.3d Float enhancements (AL)
\c@float@type=\count166
\float@exts=\toks40
\float@box=\box41
\@float@everytoks=\toks41
\@floatcapt=\box42
)
(C:\Users\RCanelas\Dropbox\IST\dout\Thesis\00.symlist.sty
Package: 00.symlist 2008/03/11 v1.1 Symbol List package
\LOS@cnt=\count167
\LOS@wd=\dimen175
)
(C:\Users\RCanelas\AppData\Roaming\MiKTeX\2.9\tex\latex\adjustbox\adjustbox.sty
Package: adjustbox 2012/05/21 v1.0 Adjusting TeX boxes (trim, clip, ...)
("C:\Program Files (x86)\MiKTeX 2.9\tex\latex\xkeyval\xkeyval.sty"
Package: xkeyval 2008/08/13 v2.6a package option processing (HA)

("C:\Program Files (x86)\MiKTeX 2.9\tex\generic\xkeyval\xkeyval.tex"
\XKV@toks=\toks42
\XKV@tempa@toks=\toks43
\XKV@depth=\count168
File: xkeyval.tex 2008/08/13 v2.6a key=value parser (HA)
))
(C:\Users\RCanelas\AppData\Roaming\MiKTeX\2.9\tex\latex\adjustbox\adjcalc.sty
Package: adjcalc 2012/05/16 v1.1 Provides advanced setlength with multiple back
-ends (calc, etex, pgfmath)
)
(C:\Users\RCanelas\AppData\Roaming\MiKTeX\2.9\tex\latex\adjustbox\trimclip.sty
Package: trimclip 2012/05/16 v1.0 Trim and clip general TeX material

(C:\Users\RCanelas\AppData\Roaming\MiKTeX\2.9\tex\latex\collectbox\collectbox.s
ty
Package: collectbox 2012/05/17 v0.4b Collect macro arguments as boxes
\collectedbox=\box43
)
\tc@llx=\dimen176
\tc@lly=\dimen177
\tc@urx=\dimen178
\tc@ury=\dimen179
Package trimclip Info: Using driver 'tc-pdftex.def'.

(C:\Users\RCanelas\AppData\Roaming\MiKTeX\2.9\tex\latex\adjustbox\tc-pdftex.def
File: tc-pdftex.def 2012/05/13 v1.0 Clipping driver for pdftex
))
\adjbox@Width=\dimen180
\adjbox@Height=\dimen181
\adjbox@Depth=\dimen182
\adjbox@Totalheight=\dimen183

(C:\Users\RCanelas\AppData\Roaming\MiKTeX\2.9\tex\latex\ifoddpage\ifoddpage.sty
Package: ifoddpage 2011/09/13 v1.0 Conditionals for odd/even page detection
\c@checkoddpage=\count169
) ("C:\Program Files (x86)\MiKTeX 2.9\tex\latex\ltxmisc\varwidth.sty"
Package: varwidth 2009/03/30 ver 0.92;  Variable-width minipages
\@vwid@box=\box44
\sift@deathcycles=\count170
\@vwid@loff=\dimen184
\@vwid@roff=\dimen185
))
("C:\Program Files (x86)\MiKTeX 2.9\tex\latex\oberdiek\epstopdf.sty"
Package: epstopdf 2010/02/09 v2.5 Conversion with epstopdf on the fly (HO)

("C:\Program Files (x86)\MiKTeX 2.9\tex\latex\oberdiek\epstopdf-base.sty"
Package: epstopdf-base 2010/02/09 v2.5 Base part for package epstopdf

("C:\Program Files (x86)\MiKTeX 2.9\tex\latex\oberdiek\grfext.sty"
Package: grfext 2010/08/19 v1.1 Managing graphics extensions (HO)
)
Package grfext Info: Graphics extension search list:
(grfext)             [.png,.pdf,.jpg,.mps,.jpeg,.jbig2,.jb2,.PNG,.PDF,.JPG,.JPE
G,.JBIG2,.JB2,.eps]
(grfext)             \AppendGraphicsExtensions on input line 452.
)))
(C:\Users\RCanelas\Dropbox\IST\dout\Thesis\00.Definitions/pagesetup.tex
("C:\Program Files (x86)\MiKTeX 2.9\tex\latex\geometry\geometry.sty"
Package: geometry 2010/09/12 v5.6 Page Geometry
\Gm@cnth=\count171
\Gm@cntv=\count172
\c@Gm@tempcnt=\count173
\Gm@bindingoffset=\dimen186
\Gm@wd@mp=\dimen187
\Gm@odd@mp=\dimen188
\Gm@even@mp=\dimen189
\Gm@layoutwidth=\dimen190
\Gm@layoutheight=\dimen191
\Gm@layouthoffset=\dimen192
\Gm@layoutvoffset=\dimen193
\Gm@dimlist=\toks44

("C:\Program Files (x86)\MiKTeX 2.9\tex\latex\geometry\geometry.cfg"))
(C:\Users\RCanelas\AppData\Roaming\MiKTeX\2.9\tex\latex\fancyhdr\fancyhdr.sty
\fancy@headwidth=\skip74
\f@ncyO@elh=\skip75
\f@ncyO@erh=\skip76
\f@ncyO@olh=\skip77
\f@ncyO@orh=\skip78
\f@ncyO@elf=\skip79
\f@ncyO@erf=\skip80
\f@ncyO@olf=\skip81
\f@ncyO@orf=\skip82
)) (C:\Users\RCanelas\Dropbox\IST\dout\Thesis\PhD_Thesis_RBC.aux)
LaTeX Font Info:    Checking defaults for OML/cmm/m/it on input line 12.
LaTeX Font Info:    ... okay on input line 12.
LaTeX Font Info:    Checking defaults for T1/cmr/m/n on input line 12.
LaTeX Font Info:    ... okay on input line 12.
LaTeX Font Info:    Checking defaults for OT1/cmr/m/n on input line 12.
LaTeX Font Info:    ... okay on input line 12.
LaTeX Font Info:    Checking defaults for OMS/cmsy/m/n on input line 12.
LaTeX Font Info:    ... okay on input line 12.
LaTeX Font Info:    Checking defaults for OMX/cmex/m/n on input line 12.
LaTeX Font Info:    ... okay on input line 12.
LaTeX Font Info:    Checking defaults for U/cmr/m/n on input line 12.
LaTeX Font Info:    ... okay on input line 12.
LaTeX Font Info:    Checking defaults for PD1/pdf/m/n on input line 12.
LaTeX Font Info:    ... okay on input line 12.

(C:\Users\RCanelas\AppData\Roaming\MiKTeX\2.9\tex\context\base\supp-pdf.mkii
[Loading MPS to PDF converter (version 2006.09.02).]
\scratchcounter=\count174
\scratchdimen=\dimen194
\scratchbox=\box45
\nofMPsegments=\count175
\nofMParguments=\count176
\everyMPshowfont=\toks45
\MPscratchCnt=\count177
\MPscratchDim=\dimen195
\MPnumerator=\count178
\makeMPintoPDFobject=\count179
\everyMPtoPDFconversion=\toks46
) ABD: EveryShipout initializing macros
Package caption Info: Begin \AtBeginDocument code.
Package caption Info: float package is loaded.
Package caption Info: hyperref package is loaded.
Package caption Info: End \AtBeginDocument code.
\c@minilofdepth=\count180
\c@minilotdepth=\count181
\c@partlofdepth=\count182
\c@partlotdepth=\count183
\c@sectlofdepth=\count184
\c@sectlotdepth=\count185
\AtBeginShipoutBox=\box46
Package hyperref Info: Link coloring OFF on input line 12.

("C:\Program Files (x86)\MiKTeX 2.9\tex\latex\hyperref\nameref.sty"
Package: nameref 2010/04/30 v2.40 Cross-referencing by name of section

("C:\Program Files (x86)\MiKTeX 2.9\tex\generic\oberdiek\gettitlestring.sty"
Package: gettitlestring 2010/12/03 v1.4 Cleanup title references (HO)
)
\c@section@level=\count186
)
LaTeX Info: Redefining \ref on input line 12.
LaTeX Info: Redefining \pageref on input line 12.
LaTeX Info: Redefining \nameref on input line 12.

(C:\Users\RCanelas\Dropbox\IST\dout\Thesis\PhD_Thesis_RBC.out)
(C:\Users\RCanelas\Dropbox\IST\dout\Thesis\PhD_Thesis_RBC.out)
\@outlinefile=\write5

*geometry* driver: auto-detecting
*geometry* detected driver: pdftex
*geometry* verbose mode - [ preamble ] result:
* driver: pdftex
* paper: <default>
* layout: <same size as paper>
* layoutoffset:(h,v)=(0.0pt,0.0pt)
* modes: twoside 
* h-part:(L,W,R)=(82.51282pt, 443.86317pt, 71.13188pt)
* v-part:(T,H,B)=(71.13188pt, 702.78308pt, 71.13188pt)
* \paperwidth=597.50787pt
* \paperheight=845.04684pt
* \textwidth=443.86317pt
* \textheight=702.78308pt
* \oddsidemargin=10.24283pt
* \evensidemargin=-1.1381pt
* \topmargin=-40.6381pt
* \headheight=16.5pt
* \headsep=25.0pt
* \topskip=10.0pt
* \footskip=30.0pt
* \marginparwidth=111.0pt
* \marginparsep=11.0pt
* \columnsep=10.0pt
* \skip\footins=9.0pt plus 4.0pt minus 2.0pt
* \hoffset=0.0pt
* \voffset=0.0pt
* \mag=1000
* \@twocolumnfalse
* \@twosidetrue
* \@mparswitchtrue
* \@reversemarginfalse
* (1in=72.27pt=25.4mm, 1cm=28.453pt)

(C:\Users\RCanelas\Dropbox\IST\dout\Thesis\0.Start/1.cover_main.tex
<Figures/Cover/IST_A_RGB_POS.png, id=269, 392.21532pt x 163.3603pt>
File: Figures/Cover/IST_A_RGB_POS.png Graphic file (type png)

<use Figures/Cover/IST_A_RGB_POS.png>
Package pdftex.def Info: Figures/Cover/IST_A_RGB_POS.png used on input line 7.
(pdftex.def)             Requested size: 136.62508pt x 56.9055pt.

<Figures/Cover/Uecker_II_small.jpg, id=271, 836.3747pt x 188.95593pt>
File: Figures/Cover/Uecker_II_small.jpg Graphic file (type jpg)

<use Figures/Cover/Uecker_II_small.jpg>
Package pdftex.def Info: Figures/Cover/Uecker_II_small.jpg used on input line 1
4.
(pdftex.def)             Requested size: 399.47414pt x 90.2509pt.
LaTeX Font Info:    Try loading font information for U+msa on input line 22.

("C:\Program Files (x86)\MiKTeX 2.9\tex\latex\amsfonts\umsa.fd"
File: umsa.fd 2009/06/22 v3.00 AMS symbols A
)
LaTeX Font Info:    Try loading font information for U+msb on input line 22.

("C:\Program Files (x86)\MiKTeX 2.9\tex\latex\amsfonts\umsb.fd"
File: umsb.fd 2009/06/22 v3.00 AMS symbols B
)
LaTeX Font Info:    Try loading font information for U+lasy on input line 22.

("C:\Program Files (x86)\MiKTeX 2.9\tex\latex\base\ulasy.fd"
File: ulasy.fd 1998/08/17 v2.2e LaTeX symbol font definitions
)
LaTeX Font Info:    Font shape `U/lasy/b/n' in size <7> not available
(Font)              Font shape `U/lasy/m/n' tried instead on input line 22.
 [1

{C:/Users/RCanelas/AppData/Local/MiKTeX/2.9/pdftex/config/pdftex.map} <C:/Users
/RCanelas/Dropbox/IST/dout/Thesis/Figures/Cover/IST_A_RGB_POS.png> <C:/Users/RC
anelas/Dropbox/IST/dout/Thesis/Figures/Cover/Uecker_II_small.jpg>] [2


])
(C:\Users\RCanelas\Dropbox\IST\dout\Thesis\0.Start/1.cover.texpdfTeX warning (e
xt4): destination with the same identifier (name{Title.0}) has been already use
d, duplicate ignored
<to be read again> 
                   \relax 
l.4 \pdfbookmark[0]{Title}{Title}
                                 
File: Figures/Cover/IST_A_RGB_POS.png Graphic file (type png)
 <use Figures/Cover/IST_A_RGB_POS.png>
Package pdftex.def Info: Figures/Cover/IST_A_RGB_POS.png used on input line 7.
(pdftex.def)             Requested size: 136.62508pt x 56.9055pt.
pdfTeX warning (ext4): destination with the same identifier (name{page.A}) has 
been already used, duplicate ignored
<to be read again> 
                   \relax 
l.61 
      [1]pdfTeX warning (ext4): destination with the same identifier (name{page
.B}) has been already used, duplicate ignored
<to be read again> 
                   \relax 
l.68 \cleardoublepage
                      [2


])
(C:\Users\RCanelas\Dropbox\IST\dout\Thesis\0.Start/2.citation.tex [1] [2


])
(C:\Users\RCanelas\Dropbox\IST\dout\Thesis\0.Start/3.Acknowledgments.tex
[3] [4]) (C:\Users\RCanelas\Dropbox\IST\dout\Thesis\0.Start/4.Abstract.tex
[5



]) (C:\Users\RCanelas\Dropbox\IST\dout\Thesis\0.Start/5.Keywords.tex [6])
(C:\Users\RCanelas\Dropbox\IST\dout\Thesis\0.Start/4.Resumo.tex [7



])
(C:\Users\RCanelas\Dropbox\IST\dout\Thesis\0.Start/5.PalavrasChave.tex [8])
(C:\Users\RCanelas\Dropbox\IST\dout\Thesis\0.Start/6.Tables.tex
Package minitoc Info: I0024
(minitoc)             PREPARING MINITOCS FROM PhD_Thesis_RBC.toc on input line 
3.
Package minitoc Info: I0033
(minitoc)             Writing PhD_Thesis_RBC.mtc1.
Package minitoc Info: I0033
(minitoc)             Writing PhD_Thesis_RBC.mtc2.
Package minitoc Info: I0033
(minitoc)             Writing PhD_Thesis_RBC.mtc3.
Package minitoc Info: I0033
(minitoc)             Writing PhD_Thesis_RBC.mtc4.
Package minitoc Info: I0033
(minitoc)             Writing PhD_Thesis_RBC.mtc5.
Package minitoc Info: I0033
(minitoc)             Writing PhD_Thesis_RBC.mtc6.
Package minitoc Info: I0033
(minitoc)             Writing PhD_Thesis_RBC.mtc7.
Package minitoc Info: I0033
(minitoc)             Writing PhD_Thesis_RBC.mtc8.
Package minitoc Info: I0034
(minitoc)             PREPARING MINILOFS FROM PhD_Thesis_RBC.lof on input line 
4.
Package minitoc Info: I0033
(minitoc)             Writing PhD_Thesis_RBC.mlf1.
Package minitoc Info: I0033
(minitoc)             Writing PhD_Thesis_RBC.mlf2.
Package minitoc Info: I0033
(minitoc)             Writing PhD_Thesis_RBC.mlf3.
Package minitoc Info: I0033
(minitoc)             Writing PhD_Thesis_RBC.mlf4.
Package minitoc Info: I0033
(minitoc)             Writing PhD_Thesis_RBC.mlf5.
Package minitoc Info: I0033
(minitoc)             Writing PhD_Thesis_RBC.mlf6.
Package minitoc Info: I0033
(minitoc)             Writing PhD_Thesis_RBC.mlf7.
Package minitoc Info: I0037
(minitoc)             PREPARING MINILOTS FROM PhD_Thesis_RBC.lot on input line 
5.
Package minitoc Info: I0033
(minitoc)             Writing PhD_Thesis_RBC.mlt1.
Package minitoc Info: I0033
(minitoc)             Writing PhD_Thesis_RBC.mlt2.
Package minitoc Info: I0033
(minitoc)             Writing PhD_Thesis_RBC.mlt3.
Package minitoc Info: I0033
(minitoc)             Writing PhD_Thesis_RBC.mlt4.
Package minitoc Info: I0033
(minitoc)             Writing PhD_Thesis_RBC.mlt5.
Package minitoc Info: I0033
(minitoc)             Writing PhD_Thesis_RBC.mlt6.
Package minitoc Info: I0033
(minitoc)             Writing PhD_Thesis_RBC.mlt7.

(C:\Users\RCanelas\Dropbox\IST\dout\Thesis\PhD_Thesis_RBC.toc
LaTeX Font Info:    Font shape `U/lasy/b/n' in size <5> not available
(Font)              Font shape `U/lasy/m/n' tried instead on input line 3.
Package acronym Info: Label `acro:HPC' newly defined as it shall be overridden
although it is yet undefined on input line 26.
Package acronym Info: Label `acro:CPU' newly defined as it shall be overridden
although it is yet undefined on input line 27.
Package acronym Info: Label `acro:GPU' newly defined as it shall be overridden
although it is yet undefined on input line 27.
Package acronym Info: Label `acro:MPI' newly defined as it shall be overridden
although it is yet undefined on input line 30.
 [9



])
\tf@toc=\write6
 [10]
(C:\Users\RCanelas\Dropbox\IST\dout\Thesis\PhD_Thesis_RBC.lof
Package acronym Info: Label `acro:RMSE' newly defined as it shall be overridden

although it is yet undefined on input line 30.
Package acronym Info: Label `acro:SPH' newly defined as it shall be overridden
although it is yet undefined on input line 34.
 [11



]
Package acronym Info: Label `acro:VOF' newly defined as it shall be overridden
although it is yet undefined on input line 46.
 [12]
[13])
\tf@lof=\write7
 [14] (C:\Users\RCanelas\Dropbox\IST\dout\Thesis\PhD_Thesis_RBC.lot)
\tf@lot=\write8

[15



] [16


]) (C:\Users\RCanelas\Dropbox\IST\dout\Thesis\0.Start/7.Acronim.tex
[17

] [18]) (C:\Users\RCanelas\Dropbox\IST\dout\Thesis\0.Start/8.symbols.tex
(C:\Users\RCanelas\Dropbox\IST\dout\Thesis\PhD_Thesis_RBC.los)
\tf@los=\write9
 [19



] [20])
(C:\Users\RCanelas\Dropbox\IST\dout\Thesis\1.Introduction/main.tex
Chapter 1.
LaTeX Font Info:    Try loading font information for T1+pbk on input line 4.
("C:\Program Files (x86)\MiKTeX 2.9\tex\latex\psnfss\t1pbk.fd"
File: t1pbk.fd 2001/06/04 font definitions for T1/pbk.
)
LaTeX Font Info:    Font shape `T1/pbk/b/n' in size <10> not available
(Font)              Font shape `T1/pbk/db/n' tried instead on input line 4.
LaTeX Font Info:    Font shape `T1/pbk/b/n' in size <150> not available
(Font)              Font shape `T1/pbk/db/n' tried instead on input line 4.
LaTeX Font Info:    Font shape `T1/pbk/bx/n' in size <150> not available
(Font)              Font shape `T1/pbk/b/n' tried instead on input line 4.
LaTeX Font Info:    Font shape `T1/pbk/b/n' in size <150> not available
(Font)              Font shape `T1/pbk/db/n' tried instead on input line 4.
LaTeX Font Info:    Font shape `U/lasy/b/n' in size <9> not available
(Font)              Font shape `U/lasy/m/n' tried instead on input line 4.
LaTeX Font Info:    Font shape `U/lasy/b/n' in size <6> not available
(Font)              Font shape `U/lasy/m/n' tried instead on input line 4.

(C:\Users\RCanelas\Dropbox\IST\dout\Thesis\PhD_Thesis_RBC.mtc1) [1




]
(C:\Users\RCanelas\Dropbox\IST\dout\Thesis\1.Introduction/1.motivation.tex
Package acronym Info: Label `acro:PIV' newly defined as it shall be overridden
although it is yet undefined on input line 4.
Package acronym Info: Label `acro:DEM' newly defined as it shall be overridden
although it is yet undefined on input line 9.

[2]
Package acronym Info: Label `acro:IBM' newly defined as it shall be overridden
although it is yet undefined on input line 13.
Package acronym Info: Label `acro:VOF' overridden on input line 13.
Package acronym Info: Label `acro:SPH' overridden on input line 15.
Package acronym Info: Label `acro:PIC' newly defined as it shall be overridden
although it is yet undefined on input line 17.
Package acronym Info: Label `acro:PFEM' newly defined as it shall be overridden

although it is yet undefined on input line 17.
Package acronym Info: Label `acro:FEM' newly defined as it shall be overridden
although it is yet undefined on input line 17.
) (C:\Users\RCanelas\Dropbox\IST\dout\Thesis\1.Introduction/2.state.tex
[3]
Package acronym Info: Label `acro:DCDEM' newly defined as it shall be overridde
n
although it is yet undefined on input line 4.
Package acronym Info: Label `acro:HPC' overridden on input line 6.
 [4]
Package acronym Info: Label `acro:CPU' overridden on input line 14.
Package acronym Info: Label `acro:GPU' overridden on input line 14.

Underfull \hbox (badness 10000) in paragraph at lines 20--21

 []

LaTeX Font Info:    Try loading font information for OMS+cmr on input line 25.
("C:\Program Files (x86)\MiKTeX 2.9\tex\latex\base\omscmr.fd"
File: omscmr.fd 1999/05/25 v2.5h Standard LaTeX font definitions
)
LaTeX Font Info:    Font shape `OMS/cmr/m/n' in size <10> not available
(Font)              Font shape `OMS/cmsy/m/n' tried instead on input line 25.
 [5]) [6])
(C:\Users\RCanelas\Dropbox\IST\dout\Thesis\2.Chapter/main.tex
Chapter 2.
(C:\Users\RCanelas\Dropbox\IST\dout\Thesis\PhD_Thesis_RBC.mtc2) [7



]
(C:\Users\RCanelas\Dropbox\IST\dout\Thesis\2.Chapter/1.sectiona.tex
LaTeX Font Info:    Font shape `U/lasy/b/n' in size <8> not available
(Font)              Font shape `U/lasy/m/n' tried instead on input line 4.
 [8]
[9] [10] <Figures/2.Chapter/shear_ij.png, id=1017, 628.59843pt x 488.57532pt>
File: Figures/2.Chapter/shear_ij.png Graphic file (type png)

<use Figures/2.Chapter/shear_ij.png>
Package pdftex.def Info: Figures/2.Chapter/shear_ij.png used on input line 195.

(pdftex.def)             Requested size: 288.50835pt x 224.24043pt.
 [11 <C:/Users/RCanelas/Dropbox/IST/dout/Thesis/Figures/2.Chapter/shear_ij.png>
] [12])
(C:\Users\RCanelas\Dropbox\IST\dout\Thesis\2.Chapter/2.sectionb.tex [13]
Package acronym Info: Label `acro:JKR' newly defined as it shall be overridden
although it is yet undefined on input line 5.

<Figures/2.Chapter/sphere_contact.png, id=1068, 762.59906pt x 595.47469pt>
File: Figures/2.Chapter/sphere_contact.png Graphic file (type png)

<use Figures/2.Chapter/sphere_contact.png>
Package pdftex.def Info: Figures/2.Chapter/sphere_contact.png used on input lin
e 12.
(pdftex.def)             Requested size: 244.1261pt x 190.61938pt.
 [14 <C:/Users/RCanelas/Dropbox/IST/dout/Thesis/Figures/2.Chapter/sphere_contac
t.png>])) [15] [16

]
(C:\Users\RCanelas\Dropbox\IST\dout\Thesis\3.Chapter/main.tex
Chapter 3.
(C:\Users\RCanelas\Dropbox\IST\dout\Thesis\PhD_Thesis_RBC.mtc3) [17

]
(C:\Users\RCanelas\Dropbox\IST\dout\Thesis\3.Chapter/1.sectiona.tex [18]
[19] [20]
<Figures/3.Chapter/cont_kernel.png, id=1208, 637.63219pt x 533.74406pt>
File: Figures/3.Chapter/cont_kernel.png Graphic file (type png)

<use Figures/3.Chapter/cont_kernel.png>
Package pdftex.def Info: Figures/3.Chapter/cont_kernel.png used on input line 1
65.
(pdftex.def)             Requested size: 133.1603pt x 111.46245pt.
 [21 <C:/Users/RCanelas/Dropbox/IST/dout/Thesis/Figures/3.Chapter/cont_kernel.p
ng>]
<Figures/3.Chapter/Kernels.pdf, id=1231, 304.13625pt x 184.69pt>
File: Figures/3.Chapter/Kernels.pdf Graphic file (type pdf)

<use Figures/3.Chapter/Kernels.pdf>
Package pdftex.def Info: Figures/3.Chapter/Kernels.pdf used on input line 224.
(pdftex.def)             Requested size: 217.49539pt x 132.0805pt.

<Figures/3.Chapter/Kernels_deriv.pdf, id=1232, 304.13625pt x 184.69pt>
File: Figures/3.Chapter/Kernels_deriv.pdf Graphic file (type pdf)

<use Figures/3.Chapter/Kernels_deriv.pdf>
Package pdftex.def Info: Figures/3.Chapter/Kernels_deriv.pdf used on input line
 225.
(pdftex.def)             Requested size: 217.49539pt x 132.0805pt.

<Figures/3.Chapter/Kernels_2deriv.pdf, id=1239, 304.13625pt x 184.69pt>
File: Figures/3.Chapter/Kernels_2deriv.pdf Graphic file (type pdf)

<use Figures/3.Chapter/Kernels_2deriv.pdf>
Package pdftex.def Info: Figures/3.Chapter/Kernels_2deriv.pdf used on input lin
e 235.
(pdftex.def)             Requested size: 217.49539pt x 132.0805pt.
 [22 <C:/Users/RCanelas/Dropbox/IST/dout/Thesis/Figures/3.Chapter/Kernels.pdf> 
<C:/Users/RCanelas/Dropbox/IST/dout/Thesis/Figures/3.Chapter/Kernels_deriv.pdf>
] [23 <C:/Users/RCanelas/Dropbox/IST/dout/Thesis/Figures/3.Chapter/Kernels_2der
iv.pdf>]
<Figures/3.Chapter/kernel.png, id=1277, 666.23906pt x 581.92406pt>
File: Figures/3.Chapter/kernel.png Graphic file (type png)

<use Figures/3.Chapter/kernel.png>
Package pdftex.def Info: Figures/3.Chapter/kernel.png used on input line 277.
(pdftex.def)             Requested size: 177.54256pt x 155.07043pt.
 [24 <C:/Users/RCanelas/Dropbox/IST/dout/Thesis/Figures/3.Chapter/kernel.png>])

(C:\Users\RCanelas\Dropbox\IST\dout\Thesis\3.Chapter/2.sectionb.tex [25]
Package acronym Info: Label `acro:WCSPH' newly defined as it shall be overridde
n
although it is yet undefined on input line 29.
Package acronym Info: Label `acro:EOS' newly defined as it shall be overridden
although it is yet undefined on input line 29.

[26]
Package acronym Info: Label `acro:SPS' newly defined as it shall be overridden
although it is yet undefined on input line 40.
Package acronym Info: Label `acro:DNS' newly defined as it shall be overridden
although it is yet undefined on input line 87.
Package acronym Info: Label `acro:RANS' newly defined as it shall be overridden

although it is yet undefined on input line 87.
Package acronym Info: Label `acro:LES' newly defined as it shall be overridden
although it is yet undefined on input line 87.
 [27]
Package acronym Info: Label `acro:MPS' newly defined as it shall be overridden
although it is yet undefined on input line 98.
 [28] [29]
<Figures/3.Chapter/Ghost_particles.png, id=1500, 770.12718pt x 693.34032pt>
File: Figures/3.Chapter/Ghost_particles.png Graphic file (type png)

<use Figures/3.Chapter/Ghost_particles.png>
Package pdftex.def Info: Figures/3.Chapter/Ghost_particles.png used on input li
ne 188.
(pdftex.def)             Requested size: 199.73706pt x 179.81989pt.
 [30]
<Figures/3.Chapter/Repulsive_particles.png, id=1514, 770.88pt x 581.92406pt>
File: Figures/3.Chapter/Repulsive_particles.png Graphic file (type png)

<use Figures/3.Chapter/Repulsive_particles.png>
Package pdftex.def Info: Figures/3.Chapter/Repulsive_particles.png used on inpu
t line 201.
(pdftex.def)             Requested size: 199.73706pt x 150.7728pt.

<Figures/3.Chapter/Dynamic_particles.png, id=1522, 797.98125pt x 578.16pt>
File: Figures/3.Chapter/Dynamic_particles.png Graphic file (type png)

<use Figures/3.Chapter/Dynamic_particles.png>
Package pdftex.def Info: Figures/3.Chapter/Dynamic_particles.png used on input 
line 211.
(pdftex.def)             Requested size: 199.73706pt x 144.71608pt.
 [31 <C:/Users/RCanelas/Dropbox/IST/dout/Thesis/Figures/3.Chapter/Ghost_particl
es.png> <C:/Users/RCanelas/Dropbox/IST/dout/Thesis/Figures/3.Chapter/Repulsive_
particles.png>])
(C:\Users\RCanelas\Dropbox\IST\dout\Thesis\3.Chapter/3.sectionc.tex [32 <C:/Use
rs/RCanelas/Dropbox/IST/dout/Thesis/Figures/3.Chapter/Dynamic_particles.png>]
Package acronym Info: Label `acro:DOF' newly defined as it shall be overridden
although it is yet undefined on input line 9.

[33] <Figures/3.Chapter/DEM_contacts.png, id=1593, 705.38531pt x 600.74437pt>
File: Figures/3.Chapter/DEM_contacts.png Graphic file (type png)

<use Figures/3.Chapter/DEM_contacts.png>
Package pdftex.def Info: Figures/3.Chapter/DEM_contacts.png used on input line 
80.
(pdftex.def)             Requested size: 266.3206pt x 226.8094pt.
 [34]
<Figures/3.Chapter/e_vo.pdf, id=1608, 464.73625pt x 260.975pt>
File: Figures/3.Chapter/e_vo.pdf Graphic file (type pdf)

<use Figures/3.Chapter/e_vo.pdf>
Package pdftex.def Info: Figures/3.Chapter/e_vo.pdf used on input line 111.
(pdftex.def)             Requested size: 324.01822pt x 181.9565pt.

<Figures/3.Chapter/tc_vo.pdf, id=1613, 425.59pt x 260.975pt>
File: Figures/3.Chapter/tc_vo.pdf Graphic file (type pdf)

<use Figures/3.Chapter/tc_vo.pdf>
Package pdftex.def Info: Figures/3.Chapter/tc_vo.pdf used on input line 128.
(pdftex.def)             Requested size: 310.70287pt x 190.53406pt.
 [35 <C:/Users/RCanelas/Dropbox/IST/dout/Thesis/Figures/3.Chapter/DEM_contacts.
png>] [36 <C:/Users/RCanelas/Dropbox/IST/dout/Thesis/Figures/3.Chapter/e_vo.pdf
> <C:/Users/RCanelas/Dropbox/IST/dout/Thesis/Figures/3.Chapter/tc_vo.pdf>]
<Figures/3.Chapter/e_hertz.pdf, id=1667, 457.71pt x 254.9525pt>
File: Figures/3.Chapter/e_hertz.pdf Graphic file (type pdf)

<use Figures/3.Chapter/e_hertz.pdf>
Package pdftex.def Info: Figures/3.Chapter/e_hertz.pdf used on input line 178.
(pdftex.def)             Requested size: 355.09189pt x 197.8001pt.
)
(C:\Users\RCanelas\Dropbox\IST\dout\Thesis\3.Chapter/4.sectiond.tex [37 <C:/Use
rs/RCanelas/Dropbox/IST/dout/Thesis/Figures/3.Chapter/e_hertz.pdf>]
Package acronym Info: Label `acro:CFL' newly defined as it shall be overridden
although it is yet undefined on input line 20.
 [38]))
[39] [40

] (C:\Users\RCanelas\Dropbox\IST\dout\Thesis\4.Chapter/main.tex
Chapter 4.
(C:\Users\RCanelas\Dropbox\IST\dout\Thesis\PhD_Thesis_RBC.mtc4) [41

]
(C:\Users\RCanelas\Dropbox\IST\dout\Thesis\4.Chapter/4.sectiona.tex
Package acronym Info: Label `acro:CUDA' newly defined as it shall be overridden

although it is yet undefined on input line 8.

<Figures/4.Chapter/CPU_diagram.png, id=1776, 341.275pt x 356.33125pt>
File: Figures/4.Chapter/CPU_diagram.png Graphic file (type png)

<use Figures/4.Chapter/CPU_diagram.png>
Package pdftex.def Info: Figures/4.Chapter/CPU_diagram.png used on input line 1
9.
(pdftex.def)             Requested size: 155.35481pt x 162.21252pt.
 [42]
<Figures/4.Chapter/GPU_diagram.png, id=1808, 381.425pt x 574.145pt>
File: Figures/4.Chapter/GPU_diagram.png Graphic file (type png)

<use Figures/4.Chapter/GPU_diagram.png>
Package pdftex.def Info: Figures/4.Chapter/GPU_diagram.png used on input line 3
6.
(pdftex.def)             Requested size: 155.35481pt x 233.85033pt.
 [43 <C:/Users/RCanelas/Dropbox/IST/dout/Thesis/Figures/4.Chapter/CPU_diagram.p
ng>]
<Figures/4.Chapter/GPU_1_alt.png, id=1833, 621.82312pt x 456.20438pt>
File: Figures/4.Chapter/GPU_1_alt.png Graphic file (type png)

<use Figures/4.Chapter/GPU_1_alt.png>
Package pdftex.def Info: Figures/4.Chapter/GPU_1_alt.png used on input line 48.

(pdftex.def)             Requested size: 466.3662pt x 342.15244pt.

Overfull \hbox (22.50302pt too wide) in paragraph at lines 48--49
 [][] 
 []

[44 <C:/Users/RCanelas/Dropbox/IST/dout/Thesis/Figures/4.Chapter/GPU_diagram.pn
g>] [45 <C:/Users/RCanelas/Dropbox/IST/dout/Thesis/Figures/4.Chapter/GPU_1_alt.
png>]
Package acronym Info: Label `acro:MPI' overridden on input line 70.
 <Figures/4.Chapter/multi_gpu_1.png, id=1875, 505.89pt x 587.19376pt>
File: Figures/4.Chapter/multi_gpu_1.png Graphic file (type png)

<use Figures/4.Chapter/multi_gpu_1.png>
Package pdftex.def Info: Figures/4.Chapter/multi_gpu_1.png used on input line 8
3.
(pdftex.def)             Requested size: 227.64839pt x 264.23474pt.
 [46] [47 <C:/Users/RCanelas/Dropbox/IST/dout/Thesis/Figures/4.Chapter/multi_gp
u_1.png>])) [48]
(C:\Users\RCanelas\Dropbox\IST\dout\Thesis\5.Chapter/main.tex
Chapter 5.
(C:\Users\RCanelas\Dropbox\IST\dout\Thesis\PhD_Thesis_RBC.mtc5) [49


]
(C:\Users\RCanelas\Dropbox\IST\dout\Thesis\5.Chapter/5.sectiona.tex [50]
<Figures/5.Chapter/Poiseuille.pdf, id=1953, 400.49625pt x 235.88126pt>
File: Figures/5.Chapter/Poiseuille.pdf Graphic file (type pdf)

<use Figures/5.Chapter/Poiseuille.pdf>
Package pdftex.def Info: Figures/5.Chapter/Poiseuille.pdf used on input line 25
.
(pdftex.def)             Requested size: 310.70287pt x 183.00403pt.
Package acronym Info: Label `acro:RMSE' overridden on input line 30.

<Figures/5.Chapter/HP_RMSE.pdf, id=1959, 378.41376pt x 263.98625pt>
File: Figures/5.Chapter/HP_RMSE.pdf Graphic file (type pdf)

<use Figures/5.Chapter/HP_RMSE.pdf>
Package pdftex.def Info: Figures/5.Chapter/HP_RMSE.pdf used on input line 35.
(pdftex.def)             Requested size: 310.70287pt x 216.75208pt.
 [51 <C:/Users/RCanelas/Dropbox/IST/dout/Thesis/Figures/5.Chapter/Poiseuille.pd
f>]
<Figures/5.Chapter/Couette.pdf, id=1979, 400.49625pt x 235.88126pt>
File: Figures/5.Chapter/Couette.pdf Graphic file (type pdf)

<use Figures/5.Chapter/Couette.pdf>
Package pdftex.def Info: Figures/5.Chapter/Couette.pdf used on input line 58.
(pdftex.def)             Requested size: 310.70287pt x 183.00403pt.

<Figures/5.Chapter/Ct_RMSE.pdf, id=1982, 378.41376pt x 263.98625pt>
File: Figures/5.Chapter/Ct_RMSE.pdf Graphic file (type pdf)

<use Figures/5.Chapter/Ct_RMSE.pdf>
Package pdftex.def Info: Figures/5.Chapter/Ct_RMSE.pdf used on input line 68.
(pdftex.def)             Requested size: 310.70287pt x 216.75208pt.
 [52 <C:/Users/RCanelas/Dropbox/IST/dout/Thesis/Figures/5.Chapter/HP_RMSE.pdf> 
<C:/Users/RCanelas/Dropbox/IST/dout/Thesis/Figures/5.Chapter/Couette.pdf>]
Package acronym Info: Label `acro:IVP' newly defined as it shall be overridden
although it is yet undefined on input line 83.

<Figures/5.Chapter/gate_comp.png, id=2012, 1382.16376pt x 310.15875pt>
File: Figures/5.Chapter/gate_comp.png Graphic file (type png)

<use Figures/5.Chapter/gate_comp.png>
Package pdftex.def Info: Figures/5.Chapter/gate_comp.png used on input line 88.

(pdftex.def)             Requested size: 399.47414pt x 89.64084pt.
 [53 <C:/Users/RCanelas/Dropbox/IST/dout/Thesis/Figures/5.Chapter/Ct_RMSE.pdf> 
<C:/Users/RCanelas/Dropbox/IST/dout/Thesis/Figures/5.Chapter/gate_comp.png>]
<Figures/5.Chapter/comp_6.pdf, id=2042, 424.58624pt x 290.08376pt>
File: Figures/5.Chapter/comp_6.pdf Graphic file (type pdf)

<use Figures/5.Chapter/comp_6.pdf>
Package pdftex.def Info: Figures/5.Chapter/comp_6.pdf used on input line 105.
(pdftex.def)             Requested size: 310.70287pt x 212.2861pt.

<Figures/5.Chapter/comp_9.pdf, id=2045, 424.58624pt x 290.08376pt>
File: Figures/5.Chapter/comp_9.pdf Graphic file (type pdf)

<use Figures/5.Chapter/comp_9.pdf>
Package pdftex.def Info: Figures/5.Chapter/comp_9.pdf used on input line 114.
(pdftex.def)             Requested size: 310.70287pt x 212.2861pt.

<Figures/5.Chapter/comp_13.pdf, id=2048, 424.58624pt x 290.08376pt>
File: Figures/5.Chapter/comp_13.pdf Graphic file (type pdf)

<use Figures/5.Chapter/comp_13.pdf>
Package pdftex.def Info: Figures/5.Chapter/comp_13.pdf used on input line 123.
(pdftex.def)             Requested size: 310.70287pt x 212.2861pt.

<Figures/5.Chapter/comp_17.pdf, id=2051, 424.58624pt x 290.08376pt>
File: Figures/5.Chapter/comp_17.pdf Graphic file (type pdf)

<use Figures/5.Chapter/comp_17.pdf>
Package pdftex.def Info: Figures/5.Chapter/comp_17.pdf used on input line 132.
(pdftex.def)             Requested size: 310.70287pt x 212.2861pt.
 [54 <C:/Users/RCanelas/Dropbox/IST/dout/Thesis/Figures/5.Chapter/comp_6.pdf>]
<Figures/5.Chapter/Profiles_interps_8_8.pdf, id=2067, 424.58624pt x 290.08376pt
>
File: Figures/5.Chapter/Profiles_interps_8_8.pdf Graphic file (type pdf)
 <use Figures/5.Chapter/Profiles_interps_8_8.pdf>
Package pdftex.def Info: Figures/5.Chapter/Profiles_interps_8_8.pdf used on inp
ut line 149.
(pdftex.def)             Requested size: 288.50835pt x 197.12155pt.
 [55 <C:/Users/RCanelas/Dropbox/IST/dout/Thesis/Figures/5.Chapter/comp_9.pdf> <
C:/Users/RCanelas/Dropbox/IST/dout/Thesis/Figures/5.Chapter/comp_13.pdf>]
<Figures/5.Chapter/Profiles_interps_8_17.pdf, id=2084, 424.58624pt x 290.08376p
t>
File: Figures/5.Chapter/Profiles_interps_8_17.pdf Graphic file (type pdf)
 <use Figures/5.Chapter/Profiles_interps_8_17.pdf>
Package pdftex.def Info: Figures/5.Chapter/Profiles_interps_8_17.pdf used on in
put line 158.
(pdftex.def)             Requested size: 288.50835pt x 197.12155pt.
 [56 <C:/Users/RCanelas/Dropbox/IST/dout/Thesis/Figures/5.Chapter/comp_17.pdf> 
<C:/Users/RCanelas/Dropbox/IST/dout/Thesis/Figures/5.Chapter/Profiles_interps_8
_8.pdf>]
<Figures/5.Chapter/Profiles_interps_8_20.pdf, id=2099, 424.58624pt x 290.08376p
t>
File: Figures/5.Chapter/Profiles_interps_8_20.pdf Graphic file (type pdf)
 <use Figures/5.Chapter/Profiles_interps_8_20.pdf>
Package pdftex.def Info: Figures/5.Chapter/Profiles_interps_8_20.pdf used on in
put line 167.
(pdftex.def)             Requested size: 288.50835pt x 197.12155pt.
 [57 <C:/Users/RCanelas/Dropbox/IST/dout/Thesis/Figures/5.Chapter/Profiles_inte
rps_8_17.pdf> <C:/Users/RCanelas/Dropbox/IST/dout/Thesis/Figures/5.Chapter/Prof
iles_interps_8_20.pdf>])
(C:\Users\RCanelas\Dropbox\IST\dout\Thesis\5.Chapter/5.sectionb.tex
<Figures/5.Chapter/fig1.png, id=2123, 1639.12375pt x 864.22874pt>
File: Figures/5.Chapter/fig1.png Graphic file (type png)

<use Figures/5.Chapter/fig1.png>
Package pdftex.def Info: Figures/5.Chapter/fig1.png used on input line 16.
(pdftex.def)             Requested size: 221.93158pt x 117.0087pt.

<Figures/5.Chapter/fig2_I.png, id=2125, 2062.70625pt x 647.41875pt>
File: Figures/5.Chapter/fig2_I.png Graphic file (type png)

<use Figures/5.Chapter/fig2_I.png>
Package pdftex.def Info: Figures/5.Chapter/fig2_I.png used on input line 28.
(pdftex.def)             Requested size: 399.47414pt x 125.38174pt.

<Figures/5.Chapter/fig1b_text.png, id=2131, 959.83594pt x 289.08pt>
File: Figures/5.Chapter/fig1b_text.png Graphic file (type png)

<use Figures/5.Chapter/fig1b_text.png>
Package pdftex.def Info: Figures/5.Chapter/fig1b_text.png used on input line 48
.
(pdftex.def)             Requested size: 355.09189pt x 106.94469pt.
 [58

 <C:/Users/RCanelas/Dropbox/IST/dout/Thesis/Figures/5.Chapter/fig1.png (PNG cop
y)>]
<Figures/5.Chapter/fig2a.pdf, id=2137, 247.92625pt x 193.72375pt>
File: Figures/5.Chapter/fig2a.pdf Graphic file (type pdf)

<use Figures/5.Chapter/fig2a.pdf>
Package pdftex.def Info: Figures/5.Chapter/fig2a.pdf used on input line 58.
(pdftex.def)             Requested size: 199.73706pt x 156.06996pt.

<Figures/5.Chapter/fig3a.pdf, id=2138, 247.92625pt x 193.72375pt>
File: Figures/5.Chapter/fig3a.pdf Graphic file (type pdf)

<use Figures/5.Chapter/fig3a.pdf>
Package pdftex.def Info: Figures/5.Chapter/fig3a.pdf used on input line 59.
(pdftex.def)             Requested size: 199.73706pt x 156.06996pt.
 [59 <C:/Users/RCanelas/Dropbox/IST/dout/Thesis/Figures/5.Chapter/fig2_I.png> <
C:/Users/RCanelas/Dropbox/IST/dout/Thesis/Figures/5.Chapter/fig1b_text.png>]
<Figures/5.Chapter/fig5_II.png, id=2165, 1552.29938pt x 666.99188pt>
File: Figures/5.Chapter/fig5_II.png Graphic file (type png)

<use Figures/5.Chapter/fig5_II.png>
Package pdftex.def Info: Figures/5.Chapter/fig5_II.png used on input line 80.
(pdftex.def)             Requested size: 399.47414pt x 171.64291pt.
 [60 <C:/Users/RCanelas/Dropbox/IST/dout/Thesis/Figures/5.Chapter/fig2a.pdf> <C
:/Users/RCanelas/Dropbox/IST/dout/Thesis/Figures/5.Chapter/fig3a.pdf>]
<Figures/5.Chapter/fig10.pdf, id=2184, 270.00874pt x 208.78pt>
File: Figures/5.Chapter/fig10.pdf Graphic file (type pdf)

<use Figures/5.Chapter/fig10.pdf>
Package pdftex.def Info: Figures/5.Chapter/fig10.pdf used on input line 89.
(pdftex.def)             Requested size: 217.49539pt x 168.17743pt.

<Figures/5.Chapter/fig11.pdf, id=2185, 270.00874pt x 208.78pt>
File: Figures/5.Chapter/fig11.pdf Graphic file (type pdf)

<use Figures/5.Chapter/fig11.pdf>
Package pdftex.def Info: Figures/5.Chapter/fig11.pdf used on input line 90.
(pdftex.def)             Requested size: 217.49539pt x 168.17743pt.
 [61 <C:/Users/RCanelas/Dropbox/IST/dout/Thesis/Figures/5.Chapter/fig5_II.png> 
<C:/Users/RCanelas/Dropbox/IST/dout/Thesis/Figures/5.Chapter/fig10.pdf> <C:/Use
rs/RCanelas/Dropbox/IST/dout/Thesis/Figures/5.Chapter/fig11.pdf>]
<Figures/5.Chapter/fig12_I.png, id=2251, 2312.64pt x 666.99188pt>
File: Figures/5.Chapter/fig12_I.png Graphic file (type png)

<use Figures/5.Chapter/fig12_I.png>
Package pdftex.def Info: Figures/5.Chapter/fig12_I.png used on input line 110.
(pdftex.def)             Requested size: 399.47414pt x 115.20888pt.

<Figures/5.Chapter/fig17a.pdf, id=2252, 270.00874pt x 208.78pt>
File: Figures/5.Chapter/fig17a.pdf Graphic file (type pdf)

<use Figures/5.Chapter/fig17a.pdf>
Package pdftex.def Info: Figures/5.Chapter/fig17a.pdf used on input line 121.
(pdftex.def)             Requested size: 199.73706pt x 154.44698pt.

<Figures/5.Chapter/fig18a.pdf, id=2253, 270.00874pt x 208.78pt>
File: Figures/5.Chapter/fig18a.pdf Graphic file (type pdf)

<use Figures/5.Chapter/fig18a.pdf>
Package pdftex.def Info: Figures/5.Chapter/fig18a.pdf used on input line 122.
(pdftex.def)             Requested size: 199.73706pt x 154.44698pt.
 [62] [63 <C:/Users/RCanelas/Dropbox/IST/dout/Thesis/Figures/5.Chapter/fig12_I.
png> <C:/Users/RCanelas/Dropbox/IST/dout/Thesis/Figures/5.Chapter/fig17a.pdf> <
C:/Users/RCanelas/Dropbox/IST/dout/Thesis/Figures/5.Chapter/fig18a.pdf>]
<Figures/5.Chapter/86-6_95_cut.png, id=2290, 1087.06125pt x 1132.23pt>
File: Figures/5.Chapter/86-6_95_cut.png Graphic file (type png)

<use Figures/5.Chapter/86-6_95_cut.png>
Package pdftex.def Info: Figures/5.Chapter/86-6_95_cut.png used on input line 1
40.
(pdftex.def)             Requested size: 213.05241pt x 221.89828pt.

<Figures/5.Chapter/102-8_25_cut.png, id=2291, 6803.016pt x 7246.272pt>
File: Figures/5.Chapter/102-8_25_cut.png Graphic file (type png)

<use Figures/5.Chapter/102-8_25_cut.png>
Package pdftex.def Info: Figures/5.Chapter/102-8_25_cut.png used on input line 
141.
(pdftex.def)             Requested size: 213.05241pt x 226.88773pt.

<Figures/5.Chapter/Comp_curve_cut.pdf, id=2294, 309.155pt x 214.8025pt>
File: Figures/5.Chapter/Comp_curve_cut.pdf Graphic file (type pdf)

<use Figures/5.Chapter/Comp_curve_cut.pdf>
Package pdftex.def Info: Figures/5.Chapter/Comp_curve_cut.pdf used on input lin
e 152.
(pdftex.def)             Requested size: 213.05241pt x 148.03362pt.

<Figures/5.Chapter/Comp_curve_vel_smooth_cut.pdf, id=2295, 309.155pt x 214.8025
pt>
File: Figures/5.Chapter/Comp_curve_vel_smooth_cut.pdf Graphic file (type pdf)
 <use Figures/5.Chapter/Comp_curve_vel_smooth_cut.pdf>
Package pdftex.def Info: Figures/5.Chapter/Comp_curve_vel_smooth_cut.pdf used o
n input line 153.
(pdftex.def)             Requested size: 213.05241pt x 148.03362pt.
 [64 <C:/Users/RCanelas/Dropbox/IST/dout/Thesis/Figures/5.Chapter/86-6_95_cut.p
ng> <C:/Users/RCanelas/Dropbox/IST/dout/Thesis/Figures/5.Chapter/102-8_25_cut.p
ng> <C:/Users/RCanelas/Dropbox/IST/dout/Thesis/Figures/5.Chapter/Comp_curve_cut
.pdf> <C:/Users/RCanelas/Dropbox/IST/dout/Thesis/Figures/5.Chapter/Comp_curve_v
el_smooth_cut.pdf>]
<Figures/5.Chapter/fig19.png, id=2317, 990.70125pt x 461.47406pt>
File: Figures/5.Chapter/fig19.png Graphic file (type png)

<use Figures/5.Chapter/fig19.png>
Package pdftex.def Info: Figures/5.Chapter/fig19.png used on input line 171.
(pdftex.def)             Requested size: 221.93158pt x 103.37651pt.

<Figures/5.Chapter/fig20a.pdf, id=2318, 270.00874pt x 208.78pt>
File: Figures/5.Chapter/fig20a.pdf Graphic file (type pdf)

<use Figures/5.Chapter/fig20a.pdf>
Package pdftex.def Info: Figures/5.Chapter/fig20a.pdf used on input line 172.
(pdftex.def)             Requested size: 217.49539pt x 168.17743pt.
 [65 <C:/Users/RCanelas/Dropbox/IST/dout/Thesis/Figures/5.Chapter/fig19.png> <C
:/Users/RCanelas/Dropbox/IST/dout/Thesis/Figures/5.Chapter/fig20a.pdf>]
<Figures/5.Chapter/e_vo_DEM.pdf, id=2354, 378.41376pt x 255.95625pt>
File: Figures/5.Chapter/e_vo_DEM.pdf Graphic file (type pdf)

<use Figures/5.Chapter/e_vo_DEM.pdf>
Package pdftex.def Info: Figures/5.Chapter/e_vo_DEM.pdf used on input line 207.

(pdftex.def)             Requested size: 310.70287pt x 210.15886pt.
 [66 <C:/Users/RCanelas/Dropbox/IST/dout/Thesis/Figures/5.Chapter/e_vo_DEM.pdf>
]
<Figures/5.Chapter/Gate_channel.jpg, id=2370, 1204.5pt x 1606.0pt>
File: Figures/5.Chapter/Gate_channel.jpg Graphic file (type jpg)

<use Figures/5.Chapter/Gate_channel.jpg>
Package pdftex.def Info: Figures/5.Chapter/Gate_channel.jpg used on input line 
224.
(pdftex.def)             Requested size: 199.73706pt x 266.30186pt.
Package acronym Info: Label `acro:DTL' newly defined as it shall be overridden
although it is yet undefined on input line 234.
 [67 <C:/Users/RCanelas/Dropbox/IST/dout/Thesis/Figures/5.Chapter/Gate_channel.
jpg>]
<Figures/5.Chapter/fig_2a.png, id=2384, 813.0375pt x 1445.4pt>
File: Figures/5.Chapter/fig_2a.png Graphic file (type png)

<use Figures/5.Chapter/fig_2a.png>
Package pdftex.def Info: Figures/5.Chapter/fig_2a.png used on input line 240.
(pdftex.def)             Requested size: 124.28114pt x 220.92493pt.

<Figures/5.Chapter/fig_2b.png, id=2385, 813.0375pt x 1445.4pt>
File: Figures/5.Chapter/fig_2b.png Graphic file (type png)

<use Figures/5.Chapter/fig_2b.png>
Package pdftex.def Info: Figures/5.Chapter/fig_2b.png used on input line 241.
(pdftex.def)             Requested size: 124.28114pt x 220.92493pt.

<Figures/5.Chapter/fig_2c.png, id=2386, 813.0375pt x 1445.4pt>
File: Figures/5.Chapter/fig_2c.png Graphic file (type png)

<use Figures/5.Chapter/fig_2c.png>
Package pdftex.def Info: Figures/5.Chapter/fig_2c.png used on input line 242.
(pdftex.def)             Requested size: 124.28114pt x 220.92493pt.


LaTeX Warning: `h' float specifier changed to `ht'.

[68 <C:/Users/RCanelas/Dropbox/IST/dout/Thesis/Figures/5.Chapter/fig_2a.png> <C
:/Users/RCanelas/Dropbox/IST/dout/Thesis/Figures/5.Chapter/fig_2b.png> <C:/User
s/RCanelas/Dropbox/IST/dout/Thesis/Figures/5.Chapter/fig_2c.png>]
<Figures/5.Chapter/Fig_3.png, id=2399, 226.2051pt x 180.675pt>
File: Figures/5.Chapter/Fig_3.png Graphic file (type png)

<use Figures/5.Chapter/Fig_3.png>
Package pdftex.def Info: Figures/5.Chapter/Fig_3.png used on input line 280.
(pdftex.def)             Requested size: 199.73706pt x 159.53482pt.

<Figures/5.Chapter/Fig_4a.png, id=2402, 570.63188pt x 766.36313pt>
File: Figures/5.Chapter/Fig_4a.png Graphic file (type png)

<use Figures/5.Chapter/Fig_4a.png>
Package pdftex.def Info: Figures/5.Chapter/Fig_4a.png used on input line 296.
(pdftex.def)             Requested size: 155.35481pt x 208.63979pt.

<Figures/5.Chapter/Fig_4b.png, id=2403, 572.1375pt x 779.91376pt>
File: Figures/5.Chapter/Fig_4b.png Graphic file (type png)

<use Figures/5.Chapter/Fig_4b.png>
Package pdftex.def Info: Figures/5.Chapter/Fig_4b.png used on input line 297.
(pdftex.def)             Requested size: 155.35481pt x 211.76958pt.

<Figures/5.Chapter/Fig_5.png, id=2405, 226.2051pt x 180.675pt>
File: Figures/5.Chapter/Fig_5.png Graphic file (type png)

<use Figures/5.Chapter/Fig_5.png>
Package pdftex.def Info: Figures/5.Chapter/Fig_5.png used on input line 307.
(pdftex.def)             Requested size: 199.73706pt x 159.53482pt.
 [69 <C:/Users/RCanelas/Dropbox/IST/dout/Thesis/Figures/5.Chapter/Fig_3.png (PN
G copy)>]
<Figures/5.Chapter/Fig_6a.png, id=2413, 226.2051pt x 180.675pt>
File: Figures/5.Chapter/Fig_6a.png Graphic file (type png)

<use Figures/5.Chapter/Fig_6a.png>
Package pdftex.def Info: Figures/5.Chapter/Fig_6a.png used on input line 317.
(pdftex.def)             Requested size: 199.73706pt x 159.53482pt.

<Figures/5.Chapter/Fig_6b.png, id=2414, 226.2051pt x 180.675pt>
File: Figures/5.Chapter/Fig_6b.png Graphic file (type png)

<use Figures/5.Chapter/Fig_6b.png>
Package pdftex.def Info: Figures/5.Chapter/Fig_6b.png used on input line 318.
(pdftex.def)             Requested size: 199.73706pt x 159.53482pt.
 [70 <C:/Users/RCanelas/Dropbox/IST/dout/Thesis/Figures/5.Chapter/Fig_4a.png> <
C:/Users/RCanelas/Dropbox/IST/dout/Thesis/Figures/5.Chapter/Fig_4b.png> <C:/Use
rs/RCanelas/Dropbox/IST/dout/Thesis/Figures/5.Chapter/Fig_5.png (PNG copy)>]
<Figures/5.Chapter/Fig_7a.png, id=2424, 562.35094pt x 769.37437pt>
File: Figures/5.Chapter/Fig_7a.png Graphic file (type png)

<use Figures/5.Chapter/Fig_7a.png>
Package pdftex.def Info: Figures/5.Chapter/Fig_7a.png used on input line 334.
(pdftex.def)             Requested size: 155.35481pt x 212.54713pt.

<Figures/5.Chapter/Fig_7b.png, id=2425, 561.59813pt x 770.12718pt>
File: Figures/5.Chapter/Fig_7b.png Graphic file (type png)

<use Figures/5.Chapter/Fig_7b.png>
Package pdftex.def Info: Figures/5.Chapter/Fig_7b.png used on input line 335.
(pdftex.def)             Requested size: 155.35481pt x 213.03712pt.

<Figures/5.Chapter/Fig_8a.png, id=2429, 226.2051pt x 180.675pt>
File: Figures/5.Chapter/Fig_8a.png Graphic file (type png)

<use Figures/5.Chapter/Fig_8a.png>
Package pdftex.def Info: Figures/5.Chapter/Fig_8a.png used on input line 345.
(pdftex.def)             Requested size: 199.73706pt x 159.53482pt.

<Figures/5.Chapter/Fig_8b.png, id=2430, 226.2051pt x 180.675pt>
File: Figures/5.Chapter/Fig_8b.png Graphic file (type png)

<use Figures/5.Chapter/Fig_8b.png>
Package pdftex.def Info: Figures/5.Chapter/Fig_8b.png used on input line 346.
(pdftex.def)             Requested size: 199.73706pt x 159.53482pt.

<Figures/5.Chapter/Fig_9.png, id=2431, 226.2051pt x 180.675pt>
File: Figures/5.Chapter/Fig_9.png Graphic file (type png)

<use Figures/5.Chapter/Fig_9.png>
Package pdftex.def Info: Figures/5.Chapter/Fig_9.png used on input line 357.
(pdftex.def)             Requested size: 199.73706pt x 159.53482pt.
 [71 <C:/Users/RCanelas/Dropbox/IST/dout/Thesis/Figures/5.Chapter/Fig_6a.png (P
NG copy)> <C:/Users/RCanelas/Dropbox/IST/dout/Thesis/Figures/5.Chapter/Fig_6b.p
ng (PNG copy)>]
<Figures/5.Chapter/Fig_10a.png, id=2438, 226.2051pt x 180.675pt>
File: Figures/5.Chapter/Fig_10a.png Graphic file (type png)

<use Figures/5.Chapter/Fig_10a.png>
Package pdftex.def Info: Figures/5.Chapter/Fig_10a.png used on input line 368.
(pdftex.def)             Requested size: 199.73706pt x 159.53482pt.

<Figures/5.Chapter/Fig_10b.png, id=2439, 226.2051pt x 180.675pt>
File: Figures/5.Chapter/Fig_10b.png Graphic file (type png)

<use Figures/5.Chapter/Fig_10b.png>
Package pdftex.def Info: Figures/5.Chapter/Fig_10b.png used on input line 369.
(pdftex.def)             Requested size: 199.73706pt x 159.53482pt.
 [72 <C:/Users/RCanelas/Dropbox/IST/dout/Thesis/Figures/5.Chapter/Fig_7a.png> <
C:/Users/RCanelas/Dropbox/IST/dout/Thesis/Figures/5.Chapter/Fig_7b.png> <C:/Use
rs/RCanelas/Dropbox/IST/dout/Thesis/Figures/5.Chapter/Fig_8a.png (PNG copy)> <C
:/Users/RCanelas/Dropbox/IST/dout/Thesis/Figures/5.Chapter/Fig_8b.png (PNG copy
)> <C:/Users/RCanelas/Dropbox/IST/dout/Thesis/Figures/5.Chapter/Fig_9.png (PNG 
copy)>]
<Figures/5.Chapter/Fig_11a.png, id=2456, 238.7319pt x 238.491pt>
File: Figures/5.Chapter/Fig_11a.png Graphic file (type png)

<use Figures/5.Chapter/Fig_11a.png>
Package pdftex.def Info: Figures/5.Chapter/Fig_11a.png used on input line 386.
(pdftex.def)             Requested size: 199.73706pt x 199.54501pt.

<Figures/5.Chapter/Fig_11b.png, id=2457, 238.7319pt x 238.491pt>
File: Figures/5.Chapter/Fig_11b.png Graphic file (type png)

<use Figures/5.Chapter/Fig_11b.png>
Package pdftex.def Info: Figures/5.Chapter/Fig_11b.png used on input line 387.
(pdftex.def)             Requested size: 199.73706pt x 199.54501pt.
 [73 <C:/Users/RCanelas/Dropbox/IST/dout/Thesis/Figures/5.Chapter/Fig_10a.png (
PNG copy)> <C:/Users/RCanelas/Dropbox/IST/dout/Thesis/Figures/5.Chapter/Fig_10b
.png (PNG copy)>])) [74 <C:/Users/RCanelas/Dropbox/IST/dout/Thesis/Figures/5.Ch
apter/Fig_11a.png (PNG copy)> <C:/Users/RCanelas/Dropbox/IST/dout/Thesis/Figure
s/5.Chapter/Fig_11b.png (PNG copy)>]
(C:\Users\RCanelas\Dropbox\IST\dout\Thesis\6.Chapter/main.tex
Chapter 6.
(C:\Users\RCanelas\Dropbox\IST\dout\Thesis\PhD_Thesis_RBC.mtc6) [75


]
(C:\Users\RCanelas\Dropbox\IST\dout\Thesis\6.Chapter/6.sectiona.tex
<Figures/6.Chapter/boulders_exp.png, id=2493, 1256.44406pt x 387.69844pt>
File: Figures/6.Chapter/boulders_exp.png Graphic file (type png)

<use Figures/6.Chapter/boulders_exp.png>
Package pdftex.def Info: Figures/6.Chapter/boulders_exp.png used on input line 
14.
(pdftex.def)             Requested size: 377.28639pt x 116.4169pt.
 [76]
<Figures/6.Chapter/concave_105.png, id=2510, 957.5775pt x 411.03563pt>
File: Figures/6.Chapter/concave_105.png Graphic file (type png)

<use Figures/6.Chapter/concave_105.png>
Package pdftex.def Info: Figures/6.Chapter/concave_105.png used on input line 2
7.
(pdftex.def)             Requested size: 186.4217pt x 80.01677pt.

<Figures/6.Chapter/convex_105.png, id=2511, 1019.30812pt x 402.75468pt>
File: Figures/6.Chapter/convex_105.png Graphic file (type png)

<use Figures/6.Chapter/convex_105.png>
Package pdftex.def Info: Figures/6.Chapter/convex_105.png used on input line 28
.
(pdftex.def)             Requested size: 186.4217pt x 73.66035pt.

<Figures/6.Chapter/concave_115.png, id=2512, 957.5775pt x 433.62pt>
File: Figures/6.Chapter/concave_115.png Graphic file (type png)

<use Figures/6.Chapter/concave_115.png>
Package pdftex.def Info: Figures/6.Chapter/concave_115.png used on input line 3
8.
(pdftex.def)             Requested size: 186.4217pt x 84.4133pt.

<Figures/6.Chapter/convex_115.png, id=2513, 983.92593pt x 456.20438pt>
File: Figures/6.Chapter/convex_115.png Graphic file (type png)

<use Figures/6.Chapter/convex_115.png>
Package pdftex.def Info: Figures/6.Chapter/convex_115.png used on input line 39
.
(pdftex.def)             Requested size: 186.4217pt x 86.42912pt.

<Figures/6.Chapter/concave_120.png, id=2514, 957.5775pt x 576.65437pt>
File: Figures/6.Chapter/concave_120.png Graphic file (type png)

<use Figures/6.Chapter/concave_120.png>
Package pdftex.def Info: Figures/6.Chapter/concave_120.png used on input line 4
9.
(pdftex.def)             Requested size: 186.4217pt x 112.25797pt.

<Figures/6.Chapter/convex_120.png, id=2515, 943.27406pt x 524.71031pt>
File: Figures/6.Chapter/convex_120.png Graphic file (type png)

<use Figures/6.Chapter/convex_120.png>
Package pdftex.def Info: Figures/6.Chapter/convex_120.png used on input line 50
.
(pdftex.def)             Requested size: 186.4217pt x 103.6992pt.

<Figures/6.Chapter/concave_130.png, id=2516, 957.5775pt x 630.85687pt>
File: Figures/6.Chapter/concave_130.png Graphic file (type png)

<use Figures/6.Chapter/concave_130.png>
Package pdftex.def Info: Figures/6.Chapter/concave_130.png used on input line 6
0.
(pdftex.def)             Requested size: 186.4217pt x 122.80963pt.

<Figures/6.Chapter/convex_130.png, id=2517, 959.08313pt x 563.85657pt>
File: Figures/6.Chapter/convex_130.png Graphic file (type png)

<use Figures/6.Chapter/convex_130.png>
Package pdftex.def Info: Figures/6.Chapter/convex_130.png used on input line 61
.
(pdftex.def)             Requested size: 186.4217pt x 109.59453pt.
 [77 <C:/Users/RCanelas/Dropbox/IST/dout/Thesis/Figures/6.Chapter/boulders_exp.
png> <C:/Users/RCanelas/Dropbox/IST/dout/Thesis/Figures/6.Chapter/concave_105.p
ng> <C:/Users/RCanelas/Dropbox/IST/dout/Thesis/Figures/6.Chapter/convex_105.png
> <C:/Users/RCanelas/Dropbox/IST/dout/Thesis/Figures/6.Chapter/concave_115.png>
 <C:/Users/RCanelas/Dropbox/IST/dout/Thesis/Figures/6.Chapter/convex_115.png>]
<Figures/6.Chapter/2D_press_norm_I.png, id=2529, 972.63374pt x 573.64313pt>
File: Figures/6.Chapter/2D_press_norm_I.png Graphic file (type png)

<use Figures/6.Chapter/2D_press_norm_I.png>
Package pdftex.def Info: Figures/6.Chapter/2D_press_norm_I.png used on input li
ne 75.
(pdftex.def)             Requested size: 213.05241pt x 125.65042pt.

<Figures/6.Chapter/2D_press_norm_II.png, id=2530, 962.09438pt x 579.66562pt>
File: Figures/6.Chapter/2D_press_norm_II.png Graphic file (type png)

<use Figures/6.Chapter/2D_press_norm_II.png>
Package pdftex.def Info: Figures/6.Chapter/2D_press_norm_II.png used on input l
ine 76.
(pdftex.def)             Requested size: 213.05241pt x 128.35825pt.

<Figures/6.Chapter/2D_press_flat.png, id=2531, 1036.62282pt x 578.16pt>
File: Figures/6.Chapter/2D_press_flat.png Graphic file (type png)

<use Figures/6.Chapter/2D_press_flat.png>
Package pdftex.def Info: Figures/6.Chapter/2D_press_flat.png used on input line
 85.
(pdftex.def)             Requested size: 213.05241pt x 118.8235pt.
 [78 <C:/Users/RCanelas/Dropbox/IST/dout/Thesis/Figures/6.Chapter/concave_120.p
ng> <C:/Users/RCanelas/Dropbox/IST/dout/Thesis/Figures/6.Chapter/convex_120.png
> <C:/Users/RCanelas/Dropbox/IST/dout/Thesis/Figures/6.Chapter/concave_130.png>
 <C:/Users/RCanelas/Dropbox/IST/dout/Thesis/Figures/6.Chapter/convex_130.png> <
C:/Users/RCanelas/Dropbox/IST/dout/Thesis/Figures/6.Chapter/2D_press_norm_I.png
> <C:/Users/RCanelas/Dropbox/IST/dout/Thesis/Figures/6.Chapter/2D_press_norm_II
.png> <C:/Users/RCanelas/Dropbox/IST/dout/Thesis/Figures/6.Chapter/2D_press_fla
t.png>]
<Figures/6.Chapter/map_sines_domain.png, id=2545, 1048.66782pt x 636.12656pt>
File: Figures/6.Chapter/map_sines_domain.png Graphic file (type png)

<use Figures/6.Chapter/map_sines_domain.png>
Package pdftex.def Info: Figures/6.Chapter/map_sines_domain.png used on input l
ine 108.
(pdftex.def)             Requested size: 355.09189pt x 215.39687pt.
 [79 <C:/Users/RCanelas/Dropbox/IST/dout/Thesis/Figures/6.Chapter/map_sines_dom
ain.png>]
<Figures/6.Chapter/sines_ini_cond_II.png, id=2558, 1635.10875pt x 864.22874pt>
File: Figures/6.Chapter/sines_ini_cond_II.png Graphic file (type png)

<use Figures/6.Chapter/sines_ini_cond_II.png>
Package pdftex.def Info: Figures/6.Chapter/sines_ini_cond_II.png used on input 
line 126.
(pdftex.def)             Requested size: 421.66866pt x 222.86116pt.

<Figures/6.Chapter/sines_t38_II.png, id=2561, 1635.10875pt x 864.22874pt>
File: Figures/6.Chapter/sines_t38_II.png Graphic file (type png)

<use Figures/6.Chapter/sines_t38_II.png>
Package pdftex.def Info: Figures/6.Chapter/sines_t38_II.png used on input line 
150.
(pdftex.def)             Requested size: 421.66866pt x 222.86116pt.
 [80 <C:/Users/RCanelas/Dropbox/IST/dout/Thesis/Figures/6.Chapter/sines_ini_con
d_II.png (PNG copy)>]
<Figures/6.Chapter/sines_t60_II.png, id=2569, 1635.10875pt x 864.22874pt>
File: Figures/6.Chapter/sines_t60_II.png Graphic file (type png)

<use Figures/6.Chapter/sines_t60_II.png>
Package pdftex.def Info: Figures/6.Chapter/sines_t60_II.png used on input line 
159.
(pdftex.def)             Requested size: 421.66866pt x 222.86116pt.

<Figures/6.Chapter/sines_t70_II.png, id=2572, 1635.10875pt x 864.22874pt>
File: Figures/6.Chapter/sines_t70_II.png Graphic file (type png)

<use Figures/6.Chapter/sines_t70_II.png>
Package pdftex.def Info: Figures/6.Chapter/sines_t70_II.png used on input line 
168.
(pdftex.def)             Requested size: 421.66866pt x 222.86116pt.

<Figures/6.Chapter/sines_t90_II.png, id=2573, 1635.10875pt x 864.22874pt>
File: Figures/6.Chapter/sines_t90_II.png Graphic file (type png)

<use Figures/6.Chapter/sines_t90_II.png>
Package pdftex.def Info: Figures/6.Chapter/sines_t90_II.png used on input line 
176.
(pdftex.def)             Requested size: 421.66866pt x 222.86116pt.
 [81 <C:/Users/RCanelas/Dropbox/IST/dout/Thesis/Figures/6.Chapter/sines_t38_II.
png (PNG copy)> <C:/Users/RCanelas/Dropbox/IST/dout/Thesis/Figures/6.Chapter/si
nes_t60_II.png (PNG copy)>]
<Figures/6.Chapter/sines_t300_II.png, id=2579, 1635.10875pt x 864.22874pt>
File: Figures/6.Chapter/sines_t300_II.png Graphic file (type png)

<use Figures/6.Chapter/sines_t300_II.png>
Package pdftex.def Info: Figures/6.Chapter/sines_t300_II.png used on input line
 186.
(pdftex.def)             Requested size: 421.66866pt x 222.86116pt.
 [82 <C:/Users/RCanelas/Dropbox/IST/dout/Thesis/Figures/6.Chapter/sines_t70_II.
png (PNG copy)> <C:/Users/RCanelas/Dropbox/IST/dout/Thesis/Figures/6.Chapter/si
nes_t90_II.png (PNG copy)>]
<Figures/6.Chapter/cont_t70.png, id=2585, 1226.33156pt x 648.17157pt>
File: Figures/6.Chapter/cont_t70.png Graphic file (type png)

<use Figures/6.Chapter/cont_t70.png>
Package pdftex.def Info: Figures/6.Chapter/cont_t70.png used on input line 197.

(pdftex.def)             Requested size: 421.66866pt x 222.86777pt.

<Figures/6.Chapter/cont_t80.png, id=2589, 1226.33156pt x 648.17157pt>
File: Figures/6.Chapter/cont_t80.png Graphic file (type png)

<use Figures/6.Chapter/cont_t80.png>
Package pdftex.def Info: Figures/6.Chapter/cont_t80.png used on input line 207.

(pdftex.def)             Requested size: 421.66866pt x 222.86777pt.

<Figures/6.Chapter/cont_t85.png, id=2590, 1226.33156pt x 648.17157pt>
File: Figures/6.Chapter/cont_t85.png Graphic file (type png)

<use Figures/6.Chapter/cont_t85.png>
Package pdftex.def Info: Figures/6.Chapter/cont_t85.png used on input line 215.

(pdftex.def)             Requested size: 421.66866pt x 222.86777pt.
 [83 <C:/Users/RCanelas/Dropbox/IST/dout/Thesis/Figures/6.Chapter/sines_t300_II
.png (PNG copy)> <C:/Users/RCanelas/Dropbox/IST/dout/Thesis/Figures/6.Chapter/c
ont_t70.png>]
<Figures/6.Chapter/cont_t90.png, id=2596, 1226.33156pt x 648.17157pt>
File: Figures/6.Chapter/cont_t90.png Graphic file (type png)

<use Figures/6.Chapter/cont_t90.png>
Package pdftex.def Info: Figures/6.Chapter/cont_t90.png used on input line 223.

(pdftex.def)             Requested size: 421.66866pt x 222.86777pt.
 [84 <C:/Users/RCanelas/Dropbox/IST/dout/Thesis/Figures/6.Chapter/cont_t80.png>
 <C:/Users/RCanelas/Dropbox/IST/dout/Thesis/Figures/6.Chapter/cont_t85.png>]
<Figures/6.Chapter/cont_t300.png, id=2604, 1226.33156pt x 648.17157pt>
File: Figures/6.Chapter/cont_t300.png Graphic file (type png)

<use Figures/6.Chapter/cont_t300.png>
Package pdftex.def Info: Figures/6.Chapter/cont_t300.png used on input line 233
.
(pdftex.def)             Requested size: 421.66866pt x 222.86777pt.

<Figures/6.Chapter/ship_t38.png, id=2607, 1635.10875pt x 864.22874pt>
File: Figures/6.Chapter/ship_t38.png Graphic file (type png)

<use Figures/6.Chapter/ship_t38.png>
Package pdftex.def Info: Figures/6.Chapter/ship_t38.png used on input line 244.

(pdftex.def)             Requested size: 421.66866pt x 222.86116pt.

<Figures/6.Chapter/ship_t45.png, id=2608, 1635.10875pt x 864.22874pt>
File: Figures/6.Chapter/ship_t45.png Graphic file (type png)

<use Figures/6.Chapter/ship_t45.png>
Package pdftex.def Info: Figures/6.Chapter/ship_t45.png used on input line 252.

(pdftex.def)             Requested size: 421.66866pt x 222.86116pt.
 [85 <C:/Users/RCanelas/Dropbox/IST/dout/Thesis/Figures/6.Chapter/cont_t90.png>
 <C:/Users/RCanelas/Dropbox/IST/dout/Thesis/Figures/6.Chapter/cont_t300.png>]
<Figures/6.Chapter/ship_t55.png, id=2617, 1635.10875pt x 864.22874pt>
File: Figures/6.Chapter/ship_t55.png Graphic file (type png)

<use Figures/6.Chapter/ship_t55.png>
Package pdftex.def Info: Figures/6.Chapter/ship_t55.png used on input line 262.

(pdftex.def)             Requested size: 421.66866pt x 222.86116pt.
 [86 <C:/Users/RCanelas/Dropbox/IST/dout/Thesis/Figures/6.Chapter/ship_t38.png 
(PNG copy)> <C:/Users/RCanelas/Dropbox/IST/dout/Thesis/Figures/6.Chapter/ship_t
45.png (PNG copy)>]
<Figures/6.Chapter/ship_t65.png, id=2623, 1635.10875pt x 864.22874pt>
File: Figures/6.Chapter/ship_t65.png Graphic file (type png)

<use Figures/6.Chapter/ship_t65.png>
Package pdftex.def Info: Figures/6.Chapter/ship_t65.png used on input line 272.

(pdftex.def)             Requested size: 421.66866pt x 222.86116pt.

<Figures/6.Chapter/ship_t300.png, id=2625, 1635.10875pt x 864.22874pt>
File: Figures/6.Chapter/ship_t300.png Graphic file (type png)

<use Figures/6.Chapter/ship_t300.png>
Package pdftex.def Info: Figures/6.Chapter/ship_t300.png used on input line 282
.
(pdftex.def)             Requested size: 421.66866pt x 222.86116pt.
 [87 <C:/Users/RCanelas/Dropbox/IST/dout/Thesis/Figures/6.Chapter/ship_t55.png 
(PNG copy)> <C:/Users/RCanelas/Dropbox/IST/dout/Thesis/Figures/6.Chapter/ship_t
65.png (PNG copy)>] [88 <C:/Users/RCanelas/Dropbox/IST/dout/Thesis/Figures/6.Ch
apter/ship_t300.png (PNG copy)>]
<Figures/6.Chapter/Experimental_slits.png, id=2643, 428.35031pt x 496.85625pt>
File: Figures/6.Chapter/Experimental_slits.png Graphic file (type png)

<use Figures/6.Chapter/Experimental_slits.png>
Package pdftex.def Info: Figures/6.Chapter/Experimental_slits.png used on input
 line 303.
(pdftex.def)             Requested size: 199.73706pt x 231.68018pt.

<Figures/6.Chapter/p1_slits.png, id=2644, 109.91063pt x 226.59656pt>
File: Figures/6.Chapter/p1_slits.png Graphic file (type png)

<use Figures/6.Chapter/p1_slits.png>
Package pdftex.def Info: Figures/6.Chapter/p1_slits.png used on input line 304.

(pdftex.def)             Requested size: 88.77127pt x 183.0201pt.

<Figures/6.Chapter/p2_slits.png, id=2645, 121.95563pt x 246.1697pt>
File: Figures/6.Chapter/p2_slits.png Graphic file (type png)

<use Figures/6.Chapter/p2_slits.png>
Package pdftex.def Info: Figures/6.Chapter/p2_slits.png used on input line 305.

(pdftex.def)             Requested size: 90.99275pt x 183.67271pt.
 [89

] [90 <C:/Users/RCanelas/Dropbox/IST/dout/Thesis/Figures/6.Chapter/Experimental
_slits.png> <C:/Users/RCanelas/Dropbox/IST/dout/Thesis/Figures/6.Chapter/p1_sli
ts.png> <C:/Users/RCanelas/Dropbox/IST/dout/Thesis/Figures/6.Chapter/p2_slits.p
ng>]
<Figures/6.Chapter/frame4.png, id=2672, 1222.5675pt x 464.4853pt>
File: Figures/6.Chapter/frame4.png Graphic file (type png)

<use Figures/6.Chapter/frame4.png>
Package pdftex.def Info: Figures/6.Chapter/frame4.png used on input line 363.
(pdftex.def)             Requested size: 332.89737pt x 126.47583pt.

<Figures/6.Chapter/frame_II.png, id=2674, 1631.09375pt x 861.2175pt>
File: Figures/6.Chapter/frame_II.png Graphic file (type png)

<use Figures/6.Chapter/frame_II.png>
Package pdftex.def Info: Figures/6.Chapter/frame_II.png used on input line 375.

(pdftex.def)             Requested size: 332.89737pt x 175.76225pt.

<Figures/6.Chapter/frame_V.png, id=2676, 1631.09375pt x 861.2175pt>
File: Figures/6.Chapter/frame_V.png Graphic file (type png)

<use Figures/6.Chapter/frame_V.png>
Package pdftex.def Info: Figures/6.Chapter/frame_V.png used on input line 385.
(pdftex.def)             Requested size: 332.89737pt x 175.76225pt.

<Figures/6.Chapter/frame_III.png, id=2678, 1631.09375pt x 861.2175pt>
File: Figures/6.Chapter/frame_III.png Graphic file (type png)

<use Figures/6.Chapter/frame_III.png>
Package pdftex.def Info: Figures/6.Chapter/frame_III.png used on input line 395
.
(pdftex.def)             Requested size: 332.89737pt x 175.76225pt.

<Figures/6.Chapter/P2tr.pdf, id=2683, 272.01625pt x 192.72pt>
File: Figures/6.Chapter/P2tr.pdf Graphic file (type pdf)

<use Figures/6.Chapter/P2tr.pdf>
Package pdftex.def Info: Figures/6.Chapter/P2tr.pdf used on input line 427.
(pdftex.def)             Requested size: 221.93158pt x 157.2433pt.
 [91 <C:/Users/RCanelas/Dropbox/IST/dout/Thesis/Figures/6.Chapter/frame4.png>]

LaTeX Warning: Text page 92 contains only floats.

[92 <C:/Users/RCanelas/Dropbox/IST/dout/Thesis/Figures/6.Chapter/frame_II.png (
PNG copy)> <C:/Users/RCanelas/Dropbox/IST/dout/Thesis/Figures/6.Chapter/frame_V
.png (PNG copy)> <C:/Users/RCanelas/Dropbox/IST/dout/Thesis/Figures/6.Chapter/f
rame_III.png (PNG copy)>]
<Figures/6.Chapter/SD_P1.pdf, id=2695, 290.08376pt x 213.79875pt>
File: Figures/6.Chapter/SD_P1.pdf Graphic file (type pdf)

<use Figures/6.Chapter/SD_P1.pdf>
Package pdftex.def Info: Figures/6.Chapter/SD_P1.pdf used on input line 442.
(pdftex.def)             Requested size: 221.93158pt x 163.56854pt.
) [93 <C:/Users/RCanelas/Dropbox/IST/dout/Thesis/Figures/6.Chapter/P2tr.pdf>] [
94 <C:/Users/RCanelas/Dropbox/IST/dout/Thesis/Figures/6.Chapter/SD_P1.pdf>])
(C:\Users\RCanelas\Dropbox\IST\dout\Thesis\99.Conclusions/conclusions.tex
Chapter 7.
(C:\Users\RCanelas\Dropbox\IST\dout\Thesis\PhD_Thesis_RBC.mtc7) [95



]
Package acronym Info: Label `acro:PDE' newly defined as it shall be overridden
although it is yet undefined on input line 11.

Underfull \hbox (badness 10000) in paragraph at lines 11--12

 []


Underfull \hbox (badness 10000) in paragraph at lines 18--19

 []

[96]
Underfull \hbox (badness 10000) in paragraph at lines 29--31

 []

[97] [98]
Underfull \hbox (badness 10000) in paragraph at lines 59--60

 []

[99] [100]) (C:\Users\RCanelas\Dropbox\IST\dout\Thesis\PhD_Thesis_RBC.bbl
[101


] [102] [103] [104] [105] [106] [107] [108]) [109] [110

]
Package minitoc Info: I0009
(minitoc)             Listing minitoc auxiliary files. 
(minitoc)             Creating the PhD_Thesis_RBC.maf file.
Package atveryend Info: Empty hook `BeforeClearDocument' on input line 59.
Package atveryend Info: Empty hook `AfterLastShipout' on input line 59.

(C:\Users\RCanelas\Dropbox\IST\dout\Thesis\PhD_Thesis_RBC.aux)
Package atveryend Info: Executing hook `AtVeryEndDocument' on input line 59.
Package atveryend Info: Executing hook `AtEndAfterFileList' on input line 59.
Package rerunfilecheck Info: File `PhD_Thesis_RBC.out' has not changed.
(rerunfilecheck)             Checksum: 6E8CFE0BEB5CE9F434D3342098DEDEAA;5037.
 ) 
Here is how much of TeX's memory you used:
 15566 strings out of 494045
 243441 string characters out of 3145959
 375890 words of memory out of 3000000
 17430 multiletter control sequences out of 15000+200000
 25470 words of font info for 92 fonts, out of 3000000 for 9000
 715 hyphenation exceptions out of 8191
 38i,29n,74p,2656b,720s stack positions out of 5000i,500n,10000p,200000b,50000s
{C:/Program Files (x86)/MiKTeX 2.9/fonts/enc/dvips/fontname/8r.enc}<C:/Progra
m Files (x86)/MiKTeX 2.9/fonts/type1/public/amsfonts/cm/cmbsy10.pfb><C:/Program
 Files (x86)/MiKTeX 2.9/fonts/type1/public/amsfonts/cm/cmbx10.pfb><C:/Program F
iles (x86)/MiKTeX 2.9/fonts/type1/public/amsfonts/cm/cmbx12.pfb><C:/Program Fil
es (x86)/MiKTeX 2.9/fonts/type1/public/amsfonts/cm/cmbx9.pfb><C:/Program Files 
(x86)/MiKTeX 2.9/fonts/type1/public/amsfonts/cm/cmbxti10.pfb><C:/Program Files 
(x86)/MiKTeX 2.9/fonts/type1/public/amsfonts/cm/cmex10.pfb><C:/Program Files (x
86)/MiKTeX 2.9/fonts/type1/public/amsfonts/cm/cmmi10.pfb><C:/Program Files (x86
)/MiKTeX 2.9/fonts/type1/public/amsfonts/cm/cmmi5.pfb><C:/Program Files (x86)/M
iKTeX 2.9/fonts/type1/public/amsfonts/cm/cmmi6.pfb><C:/Program Files (x86)/MiKT
eX 2.9/fonts/type1/public/amsfonts/cm/cmmi7.pfb><C:/Program Files (x86)/MiKTeX 
2.9/fonts/type1/public/amsfonts/cm/cmmi8.pfb><C:/Program Files (x86)/MiKTeX 2.9
/fonts/type1/public/amsfonts/cm/cmmi9.pfb><C:/Program Files (x86)/MiKTeX 2.9/fo
nts/type1/public/amsfonts/cm/cmmib10.pfb><C:/Program Files (x86)/MiKTeX 2.9/fon
ts/type1/public/amsfonts/cmextra/cmmib7.pfb><C:/Program Files (x86)/MiKTeX 2.9/
fonts/type1/public/amsfonts/cmextra/cmmib8.pfb><C:/Program Files (x86)/MiKTeX 2
.9/fonts/type1/public/amsfonts/cm/cmr10.pfb><C:/Program Files (x86)/MiKTeX 2.9/
fonts/type1/public/amsfonts/cm/cmr12.pfb><C:/Program Files (x86)/MiKTeX 2.9/fon
ts/type1/public/amsfonts/cm/cmr5.pfb><C:/Program Files (x86)/MiKTeX 2.9/fonts/t
ype1/public/amsfonts/cm/cmr6.pfb><C:/Program Files (x86)/MiKTeX 2.9/fonts/type1
/public/amsfonts/cm/cmr7.pfb><C:/Program Files (x86)/MiKTeX 2.9/fonts/type1/pub
lic/amsfonts/cm/cmr8.pfb><C:/Program Files (x86)/MiKTeX 2.9/fonts/type1/public/
amsfonts/cm/cmr9.pfb><C:/Program Files (x86)/MiKTeX 2.9/fonts/type1/public/amsf
onts/cm/cmsy10.pfb><C:/Program Files (x86)/MiKTeX 2.9/fonts/type1/public/amsfon
ts/cm/cmsy5.pfb><C:/Program Files (x86)/MiKTeX 2.9/fonts/type1/public/amsfonts/
cm/cmsy6.pfb><C:/Program Files (x86)/MiKTeX 2.9/fonts/type1/public/amsfonts/cm/
cmsy7.pfb><C:/Program Files (x86)/MiKTeX 2.9/fonts/type1/public/amsfonts/cm/cms
y9.pfb><C:/Program Files (x86)/MiKTeX 2.9/fonts/type1/public/amsfonts/cm/cmti10
.pfb><C:/Program Files (x86)/MiKTeX 2.9/fonts/type1/public/amsfonts/cm/cmti9.pf
b><C:/Program Files (x86)/MiKTeX 2.9/fonts/type1/public/amsfonts/latxfont/lasy1
0.pfb><C:/Program Files (x86)/MiKTeX 2.9/fonts/type1/public/amsfonts/latxfont/l
asy9.pfb><C:/Program Files (x86)/MiKTeX 2.9/fonts/type1/public/amsfonts/symbols
/msam10.pfb><C:/Program Files (x86)/MiKTeX 2.9/fonts/type1/urw/bookman/ubkd8a.p
fb>
Output written on PhD_Thesis_RBC.pdf (134 pages, 28197281 bytes).
PDF statistics:
 3080 PDF objects out of 3580 (max. 8388607)
 612 named destinations out of 1000 (max. 500000)
 1072 words of extra memory for PDF output out of 10000 (max. 10000000)

